[2020-10-14 17:44:53.176] [exthost] [info] extension host started
[2020-10-14 17:44:53.198] [exthost] [info] ExtensionService#_doActivateExtension vscode.debug-auto-launch {"startup":true,"extensionId":{"value":"vscode.debug-auto-launch","_lower":"vscode.debug-auto-launch"},"activationEvent":"*"}
[2020-10-14 17:44:53.199] [exthost] [info] ExtensionService#loadCommonJSModule file:///usr/lib/code/extensions/debug-auto-launch/dist/extension
[2020-10-14 17:44:53.204] [exthost] [info] ExtensionService#_doActivateExtension vscode.emmet {"startup":true,"extensionId":{"value":"vscode.emmet","_lower":"vscode.emmet"},"activationEvent":"*"}
[2020-10-14 17:44:53.204] [exthost] [info] ExtensionService#loadCommonJSModule file:///usr/lib/code/extensions/emmet/dist/node/emmetNodeMain
[2020-10-14 17:44:53.229] [exthost] [info] ExtensionService#_doActivateExtension vscode.git {"startup":true,"extensionId":{"value":"vscode.github","_lower":"vscode.github"},"activationEvent":"*"}
[2020-10-14 17:44:53.229] [exthost] [info] ExtensionService#loadCommonJSModule file:///usr/lib/code/extensions/git/dist/main
[2020-10-14 17:44:53.280] [exthost] [info] ExtensionService#_doActivateExtension vscode.merge-conflict {"startup":true,"extensionId":{"value":"vscode.merge-conflict","_lower":"vscode.merge-conflict"},"activationEvent":"*"}
[2020-10-14 17:44:53.280] [exthost] [info] ExtensionService#loadCommonJSModule file:///usr/lib/code/extensions/merge-conflict/dist/mergeConflictMain
[2020-10-14 17:44:53.284] [exthost] [info] ExtensionService#_doActivateExtension vscode.search-result {"startup":true,"extensionId":{"value":"vscode.search-result","_lower":"vscode.search-result"},"activationEvent":"*"}
[2020-10-14 17:44:53.284] [exthost] [info] ExtensionService#loadCommonJSModule file:///usr/lib/code/extensions/search-result/dist/extension.js
[2020-10-14 17:44:53.329] [exthost] [info] ExtensionService#_doActivateExtension vscode.github {"startup":true,"extensionId":{"value":"vscode.github","_lower":"vscode.github"},"activationEvent":"*"}
[2020-10-14 17:44:53.329] [exthost] [info] ExtensionService#loadCommonJSModule file:///usr/lib/code/extensions/github/dist/extension.js
[2020-10-14 17:44:53.367] [exthost] [info] eager extensions activated
[2020-10-14 17:46:37.446] [exthost] [info] ExtensionService#_doActivateExtension vscode.configuration-editing {"startup":false,"extensionId":{"value":"vscode.configuration-editing","_lower":"vscode.configuration-editing"},"activationEvent":"onLanguage:json"}
[2020-10-14 17:46:37.446] [exthost] [info] ExtensionService#loadCommonJSModule file:///usr/lib/code/extensions/configuration-editing/dist/configurationEditingMain
[2020-10-14 17:46:37.455] [exthost] [info] ExtensionService#_doActivateExtension vscode.extension-editing {"startup":false,"extensionId":{"value":"vscode.extension-editing","_lower":"vscode.extension-editing"},"activationEvent":"onLanguage:json"}
[2020-10-14 17:46:37.455] [exthost] [info] ExtensionService#loadCommonJSModule file:///usr/lib/code/extensions/extension-editing/dist/extensionEditingMain
[2020-10-14 17:46:37.476] [exthost] [info] ExtensionService#_doActivateExtension vscode.json-language-features {"startup":false,"extensionId":{"value":"vscode.json-language-features","_lower":"vscode.json-language-features"},"activationEvent":"onLanguage:json"}
[2020-10-14 17:46:37.476] [exthost] [info] ExtensionService#loadCommonJSModule file:///usr/lib/code/extensions/json-language-features/client/dist/node/jsonClientMain
[2020-10-14 17:46:37.514] [exthost] [info] ExtensionService#_doActivateExtension ms-vscode.js-debug {"startup":false,"extensionId":{"value":"ms-vscode.js-debug","_lower":"ms-vscode.js-debug"},"activationEvent":"onLanguage:json"}
[2020-10-14 17:46:37.514] [exthost] [info] ExtensionService#loadCommonJSModule file:///usr/lib/code/extensions/ms-vscode.js-debug/src/extension.js
[2020-10-14 17:46:37.809] [exthost] [info] ExtensionService#_doActivateExtension vscode.npm {"startup":false,"extensionId":{"value":"vscode.npm","_lower":"vscode.npm"},"activationEvent":"onLanguage:json"}
[2020-10-14 17:46:37.809] [exthost] [info] ExtensionService#loadCommonJSModule file:///usr/lib/code/extensions/npm/dist/npmMain
[2020-10-14 17:47:50.981] [exthost] [info] extension host started
[2020-10-14 17:47:50.996] [exthost] [info] ExtensionService#_doActivateExtension vscode.debug-auto-launch {"startup":true,"extensionId":{"value":"vscode.debug-auto-launch","_lower":"vscode.debug-auto-launch"},"activationEvent":"*"}
[2020-10-14 17:47:50.996] [exthost] [info] ExtensionService#loadCommonJSModule file:///usr/lib/code/extensions/debug-auto-launch/dist/extension
[2020-10-14 17:47:50.998] [exthost] [info] ExtensionService#_doActivateExtension vscode.emmet {"startup":true,"extensionId":{"value":"vscode.emmet","_lower":"vscode.emmet"},"activationEvent":"*"}
[2020-10-14 17:47:50.998] [exthost] [info] ExtensionService#loadCommonJSModule file:///usr/lib/code/extensions/emmet/dist/node/emmetNodeMain
[2020-10-14 17:47:51.007] [exthost] [info] ExtensionService#_doActivateExtension vscode.git {"startup":true,"extensionId":{"value":"vscode.github","_lower":"vscode.github"},"activationEvent":"*"}
[2020-10-14 17:47:51.007] [exthost] [info] ExtensionService#loadCommonJSModule file:///usr/lib/code/extensions/git/dist/main
[2020-10-14 17:47:51.025] [exthost] [info] ExtensionService#_doActivateExtension vscode.merge-conflict {"startup":true,"extensionId":{"value":"vscode.merge-conflict","_lower":"vscode.merge-conflict"},"activationEvent":"*"}
[2020-10-14 17:47:51.025] [exthost] [info] ExtensionService#loadCommonJSModule file:///usr/lib/code/extensions/merge-conflict/dist/mergeConflictMain
[2020-10-14 17:47:51.027] [exthost] [info] ExtensionService#_doActivateExtension vscode.search-result {"startup":true,"extensionId":{"value":"vscode.search-result","_lower":"vscode.search-result"},"activationEvent":"*"}
[2020-10-14 17:47:51.027] [exthost] [info] ExtensionService#loadCommonJSModule file:///usr/lib/code/extensions/search-result/dist/extension.js
[2020-10-14 17:47:51.066] [exthost] [info] ExtensionService#_doActivateExtension vscode.github {"startup":true,"extensionId":{"value":"vscode.github","_lower":"vscode.github"},"activationEvent":"*"}
[2020-10-14 17:47:51.066] [exthost] [info] ExtensionService#loadCommonJSModule file:///usr/lib/code/extensions/github/dist/extension.js
[2020-10-14 17:47:51.086] [exthost] [info] eager extensions activated
[2020-10-14 17:48:17.023] [exthost] [info] ExtensionService#_doActivateExtension vscjava.vscode-java-debug {"startup":false,"extensionId":{"value":"vscjava.vscode-java-debug","_lower":"vscjava.vscode-java-debug"},"activationEvent":"onLanguage:java"}
[2020-10-14 17:48:17.023] [exthost] [info] ExtensionService#loadCommonJSModule file:///home/tilen/.vscode-oss/extensions/vscjava.vscode-java-debug-0.28.0/dist/extension
[2020-10-14 17:48:34.477] [exthost] [info] extension host started
[2020-10-14 17:48:34.499] [exthost] [info] ExtensionService#_doActivateExtension redhat.java {"startup":false,"extensionId":{"value":"vscjava.vscode-java-test","_lower":"vscjava.vscode-java-test"},"activationEvent":"onLanguage:java"}
[2020-10-14 17:48:34.499] [exthost] [info] ExtensionService#loadCommonJSModule file:///home/tilen/.vscode-oss/extensions/redhat.java-0.68.0/dist/extension
[2020-10-14 17:48:34.580] [exthost] [info] ExtensionService#_doActivateExtension vscjava.vscode-java-debug {"startup":false,"extensionId":{"value":"vscjava.vscode-java-test","_lower":"vscjava.vscode-java-test"},"activationEvent":"onLanguage:java"}
[2020-10-14 17:48:34.580] [exthost] [info] ExtensionService#loadCommonJSModule file:///home/tilen/.vscode-oss/extensions/vscjava.vscode-java-debug-0.28.0/dist/extension
[2020-10-14 17:48:34.589] [exthost] [info] ExtensionService#_doActivateExtension vscode.debug-auto-launch {"startup":true,"extensionId":{"value":"vscode.debug-auto-launch","_lower":"vscode.debug-auto-launch"},"activationEvent":"*"}
[2020-10-14 17:48:34.589] [exthost] [info] ExtensionService#loadCommonJSModule file:///usr/lib/code/extensions/debug-auto-launch/dist/extension
[2020-10-14 17:48:34.591] [exthost] [info] ExtensionService#_doActivateExtension vscode.emmet {"startup":true,"extensionId":{"value":"vscode.emmet","_lower":"vscode.emmet"},"activationEvent":"*"}
[2020-10-14 17:48:34.591] [exthost] [info] ExtensionService#loadCommonJSModule file:///usr/lib/code/extensions/emmet/dist/node/emmetNodeMain
[2020-10-14 17:48:34.600] [exthost] [info] ExtensionService#_doActivateExtension vscode.git {"startup":true,"extensionId":{"value":"vscode.github","_lower":"vscode.github"},"activationEvent":"*"}
[2020-10-14 17:48:34.600] [exthost] [info] ExtensionService#loadCommonJSModule file:///usr/lib/code/extensions/git/dist/main
[2020-10-14 17:48:34.613] [exthost] [info] ExtensionService#_doActivateExtension vscode.merge-conflict {"startup":true,"extensionId":{"value":"vscode.merge-conflict","_lower":"vscode.merge-conflict"},"activationEvent":"*"}
[2020-10-14 17:48:34.613] [exthost] [info] ExtensionService#loadCommonJSModule file:///usr/lib/code/extensions/merge-conflict/dist/mergeConflictMain
[2020-10-14 17:48:34.615] [exthost] [info] ExtensionService#_doActivateExtension vscode.search-result {"startup":true,"extensionId":{"value":"vscode.search-result","_lower":"vscode.search-result"},"activationEvent":"*"}
[2020-10-14 17:48:34.615] [exthost] [info] ExtensionService#loadCommonJSModule file:///usr/lib/code/extensions/search-result/dist/extension.js
[2020-10-14 17:48:34.673] [exthost] [info] ExtensionService#_doActivateExtension vscode.github {"startup":true,"extensionId":{"value":"vscode.github","_lower":"vscode.github"},"activationEvent":"*"}
[2020-10-14 17:48:34.673] [exthost] [info] ExtensionService#loadCommonJSModule file:///usr/lib/code/extensions/github/dist/extension.js
[2020-10-14 17:48:34.705] [exthost] [info] eager extensions activated
[2020-10-14 17:48:34.741] [exthost] [warning] [redhat.java] Accessing a resource scoped configuration without providing a resource is not expected. To get the effective value for '[java]', provide the URI of a resource or 'null' for any resource.
[2020-10-14 17:48:35.021] [exthost] [warning] [redhat.java] Accessing a resource scoped configuration without providing a resource is not expected. To get the effective value for '[java]', provide the URI of a resource or 'null' for any resource.
[2020-10-14 17:48:40.070] [exthost] [info] ExtensionService#_doActivateExtension vscjava.vscode-java-dependency {"startup":false,"extensionId":{"value":"vscjava.vscode-java-dependency","_lower":"vscjava.vscode-java-dependency"},"activationEvent":"onLanguage:java"}
[2020-10-14 17:48:40.071] [exthost] [info] ExtensionService#loadCommonJSModule file:///home/tilen/.vscode-oss/extensions/vscjava.vscode-java-dependency-0.13.0/dist/extension
[2020-10-14 17:48:40.111] [exthost] [info] ExtensionService#_doActivateExtension vscjava.vscode-java-test {"startup":false,"extensionId":{"value":"vscjava.vscode-java-test","_lower":"vscjava.vscode-java-test"},"activationEvent":"onLanguage:java"}
[2020-10-14 17:48:40.111] [exthost] [info] ExtensionService#loadCommonJSModule file:///home/tilen/.vscode-oss/extensions/vscjava.vscode-java-test-0.24.2/main.js
[2020-10-14 17:48:41.357] [exthost] [info] ExtensionService#_doActivateExtension vscode.debug-server-ready {"startup":false,"extensionId":{"value":"vscode.debug-server-ready","_lower":"vscode.debug-server-ready"},"activationEvent":"onDebugResolve"}
[2020-10-14 17:48:41.357] [exthost] [info] ExtensionService#loadCommonJSModule file:///usr/lib/code/extensions/debug-server-ready/dist/extension
[2020-10-14 17:49:45.259] [exthost] [error] [redhat.java] provider FAILED
[2020-10-14 17:49:45.261] [exthost] [error] Error: The request (id: 100, method: 'textDocument/hover') has been cancelled
	at /home/tilen/.vscode-oss/extensions/redhat.java-0.68.0/dist/extension.js:1:76464
	at /home/tilen/.vscode-oss/extensions/redhat.java-0.68.0/dist/extension.js:1:76758
	at Immediate.<anonymous> (/home/tilen/.vscode-oss/extensions/redhat.java-0.68.0/dist/extension.js:1:77117)
	at processImmediate (internal/timers.js:439:21)
[2020-10-14 17:52:25.695] [exthost] [error] [redhat.java] provider FAILED
[2020-10-14 17:52:25.697] [exthost] [error] Error: busy
	at Object.<anonymous> (/home/tilen/.vscode-oss/extensions/redhat.java-0.68.0/dist/extension.js:15:122003)
	at Generator.next (<anonymous>)
	at s (/home/tilen/.vscode-oss/extensions/redhat.java-0.68.0/dist/extension.js:15:120729)
[2020-10-14 17:52:40.293] [exthost] [error] [redhat.java] provider FAILED
[2020-10-14 17:52:40.293] [exthost] [error] Error: busy
	at Object.<anonymous> (/home/tilen/.vscode-oss/extensions/redhat.java-0.68.0/dist/extension.js:15:122003)
	at Generator.next (<anonymous>)
	at s (/home/tilen/.vscode-oss/extensions/redhat.java-0.68.0/dist/extension.js:15:120729)
[2020-10-14 17:53:18.621] [exthost] [error] [redhat.java] provider FAILED
[2020-10-14 17:53:18.621] [exthost] [error] Error: The request (id: 332, method: 'textDocument/hover') has been cancelled
	at /home/tilen/.vscode-oss/extensions/redhat.java-0.68.0/dist/extension.js:1:76464
	at /home/tilen/.vscode-oss/extensions/redhat.java-0.68.0/dist/extension.js:1:76758
	at Immediate.<anonymous> (/home/tilen/.vscode-oss/extensions/redhat.java-0.68.0/dist/extension.js:1:77117)
	at processImmediate (internal/timers.js:439:21)
[2020-10-14 17:53:47.300] [exthost] [error] [redhat.java] provider FAILED
[2020-10-14 17:53:47.300] [exthost] [error] Error: busy
	at Object.<anonymous> (/home/tilen/.vscode-oss/extensions/redhat.java-0.68.0/dist/extension.js:15:122003)
	at Generator.next (<anonymous>)
	at s (/home/tilen/.vscode-oss/extensions/redhat.java-0.68.0/dist/extension.js:15:120729)
[2020-10-14 17:54:24.837] [exthost] [error] [redhat.java] provider FAILED
[2020-10-14 17:54:24.837] [exthost] [error] Error: busy
	at Object.<anonymous> (/home/tilen/.vscode-oss/extensions/redhat.java-0.68.0/dist/extension.js:15:122003)
	at Generator.next (<anonymous>)
	at s (/home/tilen/.vscode-oss/extensions/redhat.java-0.68.0/dist/extension.js:15:120729)
[2020-10-14 17:57:02.934] [exthost] [error] [redhat.java] provider FAILED
[2020-10-14 17:57:02.934] [exthost] [error] Error: busy
	at Object.<anonymous> (/home/tilen/.vscode-oss/extensions/redhat.java-0.68.0/dist/extension.js:15:122003)
	at Generator.next (<anonymous>)
	at s (/home/tilen/.vscode-oss/extensions/redhat.java-0.68.0/dist/extension.js:15:120729)
[2020-10-14 17:58:05.498] [exthost] [error] [redhat.java] provider FAILED
[2020-10-14 17:58:05.498] [exthost] [error] Error: The request (id: 559, method: 'textDocument/hover') has been cancelled
	at /home/tilen/.vscode-oss/extensions/redhat.java-0.68.0/dist/extension.js:1:76464
	at /home/tilen/.vscode-oss/extensions/redhat.java-0.68.0/dist/extension.js:1:76758
	at Immediate.<anonymous> (/home/tilen/.vscode-oss/extensions/redhat.java-0.68.0/dist/extension.js:1:77117)
	at processImmediate (internal/timers.js:439:21)
[2020-10-14 17:59:03.817] [exthost] [error] [redhat.java] provider FAILED
[2020-10-14 17:59:03.817] [exthost] [error] Error: busy
	at Object.<anonymous> (/home/tilen/.vscode-oss/extensions/redhat.java-0.68.0/dist/extension.js:15:122003)
	at Generator.next (<anonymous>)
	at s (/home/tilen/.vscode-oss/extensions/redhat.java-0.68.0/dist/extension.js:15:120729)
[2020-10-14 18:00:56.595] [exthost] [info] ExtensionService#_doActivateExtension ms-vscode.js-debug {"startup":false,"extensionId":{"value":"ms-vscode.js-debug","_lower":"ms-vscode.js-debug"},"activationEvent":"onCommand:extension.pwa-node-debug.createDebuggerTerminal"}
[2020-10-14 18:00:56.595] [exthost] [info] ExtensionService#loadCommonJSModule file:///usr/lib/code/extensions/ms-vscode.js-debug/src/extension.js
[2020-10-14 18:12:05.457] [exthost] [error] [redhat.java] provider FAILED
[2020-10-14 18:12:05.459] [exthost] [error] Error: The request (id: 934, method: 'textDocument/hover') has been cancelled
	at /home/tilen/.vscode-oss/extensions/redhat.java-0.68.0/dist/extension.js:1:76464
	at /home/tilen/.vscode-oss/extensions/redhat.java-0.68.0/dist/extension.js:1:76758
	at Immediate.<anonymous> (/home/tilen/.vscode-oss/extensions/redhat.java-0.68.0/dist/extension.js:1:77117)
	at processImmediate (internal/timers.js:439:21)
