[2020-10-14 17:45:04.666] [renderer1] [error] EACCES: permission denied, open '/usr/lib/code/extensions/json/package.json': Error: EACCES: permission denied, open '/usr/lib/code/extensions/json/package.json'
[2020-10-14 17:45:04.666] [renderer1] [error] EACCES: permission denied, open '/usr/lib/code/extensions/json-language-features/package.json': Error: EACCES: permission denied, open '/usr/lib/code/extensions/json-language-features/package.json'
[2020-10-14 17:45:04.666] [renderer1] [error] EACCES: permission denied, open '/usr/lib/code/extensions/html/package.json': Error: EACCES: permission denied, open '/usr/lib/code/extensions/html/package.json'
[2020-10-14 17:45:04.666] [renderer1] [error] EACCES: permission denied, open '/usr/lib/code/extensions/css/package.json': Error: EACCES: permission denied, open '/usr/lib/code/extensions/css/package.json'
[2020-10-14 17:45:04.666] [renderer1] [error] EACCES: permission denied, open '/usr/lib/code/extensions/cpp/package.json': Error: EACCES: permission denied, open '/usr/lib/code/extensions/cpp/package.json'
[2020-10-14 17:45:04.666] [renderer1] [error] EACCES: permission denied, open '/usr/lib/code/extensions/yaml/package.json': Error: EACCES: permission denied, open '/usr/lib/code/extensions/yaml/package.json'
[2020-10-14 17:45:04.667] [renderer1] [error] EACCES: permission denied, open '/usr/lib/code/extensions/xml/package.json': Error: EACCES: permission denied, open '/usr/lib/code/extensions/xml/package.json'
[2020-10-14 17:45:04.667] [renderer1] [error] EACCES: permission denied, open '/usr/lib/code/extensions/shellscript/package.json': Error: EACCES: permission denied, open '/usr/lib/code/extensions/shellscript/package.json'
[2020-10-14 17:45:04.667] [renderer1] [error] EACCES: permission denied, open '/usr/lib/code/extensions/merge-conflict/package.json': Error: EACCES: permission denied, open '/usr/lib/code/extensions/merge-conflict/package.json'
[2020-10-14 17:45:04.667] [renderer1] [error] EACCES: permission denied, open '/usr/lib/code/extensions/markdown-basics/package.json': Error: EACCES: permission denied, open '/usr/lib/code/extensions/markdown-basics/package.json'
[2020-10-14 17:45:04.667] [renderer1] [error] EACCES: permission denied, open '/usr/lib/code/extensions/typescript-basics/package.json': Error: EACCES: permission denied, open '/usr/lib/code/extensions/typescript-basics/package.json'
[2020-10-14 17:45:04.667] [renderer1] [error] EACCES: permission denied, open '/usr/lib/code/extensions/docker/package.json': Error: EACCES: permission denied, open '/usr/lib/code/extensions/docker/package.json'
[2020-10-14 17:45:04.667] [renderer1] [error] EACCES: permission denied, open '/usr/lib/code/extensions/markdown-language-features/package.json': Error: EACCES: permission denied, open '/usr/lib/code/extensions/markdown-language-features/package.json'
[2020-10-14 17:45:04.667] [renderer1] [error] EACCES: permission denied, open '/usr/lib/code/extensions/typescript-language-features/package.json': Error: EACCES: permission denied, open '/usr/lib/code/extensions/typescript-language-features/package.json'
[2020-10-14 17:45:04.667] [renderer1] [error] EACCES: permission denied, open '/usr/lib/code/extensions/javascript/package.json': Error: EACCES: permission denied, open '/usr/lib/code/extensions/javascript/package.json'
[2020-10-14 17:45:04.668] [renderer1] [error] EACCES: permission denied, open '/usr/lib/code/extensions/sql/package.json': Error: EACCES: permission denied, open '/usr/lib/code/extensions/sql/package.json'
[2020-10-14 17:45:04.668] [renderer1] [error] EACCES: permission denied, open '/usr/lib/code/extensions/log/package.json': Error: EACCES: permission denied, open '/usr/lib/code/extensions/log/package.json'
[2020-10-14 17:45:04.668] [renderer1] [error] EACCES: permission denied, open '/usr/lib/code/extensions/debug-auto-launch/package.json': Error: EACCES: permission denied, open '/usr/lib/code/extensions/debug-auto-launch/package.json'
[2020-10-14 17:45:04.668] [renderer1] [error] EACCES: permission denied, open '/usr/lib/code/extensions/java/package.json': Error: EACCES: permission denied, open '/usr/lib/code/extensions/java/package.json'
[2020-10-14 17:45:04.668] [renderer1] [error] EACCES: permission denied, open '/usr/lib/code/extensions/theme-monokai/package.json': Error: EACCES: permission denied, open '/usr/lib/code/extensions/theme-monokai/package.json'
[2020-10-14 17:45:04.668] [renderer1] [error] EACCES: permission denied, open '/usr/lib/code/extensions/make/package.json': Error: EACCES: permission denied, open '/usr/lib/code/extensions/make/package.json'
[2020-10-14 17:45:04.668] [renderer1] [error] EACCES: permission denied, open '/usr/lib/code/extensions/powershell/package.json': Error: EACCES: permission denied, open '/usr/lib/code/extensions/powershell/package.json'
[2020-10-14 17:45:04.668] [renderer1] [error] EACCES: permission denied, open '/usr/lib/code/extensions/theme-tomorrow-night-blue/package.json': Error: EACCES: permission denied, open '/usr/lib/code/extensions/theme-tomorrow-night-blue/package.json'
[2020-10-14 17:45:04.668] [renderer1] [error] EACCES: permission denied, open '/usr/lib/code/extensions/configuration-editing/package.json': Error: EACCES: permission denied, open '/usr/lib/code/extensions/configuration-editing/package.json'
[2020-10-14 17:45:04.668] [renderer1] [error] EACCES: permission denied, open '/usr/lib/code/extensions/less/package.json': Error: EACCES: permission denied, open '/usr/lib/code/extensions/less/package.json'
[2020-10-14 17:45:04.668] [renderer1] [error] EACCES: permission denied, open '/usr/lib/code/extensions/theme-red/package.json': Error: EACCES: permission denied, open '/usr/lib/code/extensions/theme-red/package.json'
[2020-10-14 17:45:04.668] [renderer1] [error] EACCES: permission denied, open '/usr/lib/code/extensions/theme-solarized-dark/package.json': Error: EACCES: permission denied, open '/usr/lib/code/extensions/theme-solarized-dark/package.json'
[2020-10-14 17:45:04.668] [renderer1] [error] EACCES: permission denied, open '/usr/lib/code/extensions/theme-defaults/package.json': Error: EACCES: permission denied, open '/usr/lib/code/extensions/theme-defaults/package.json'
[2020-10-14 17:45:04.668] [renderer1] [error] EACCES: permission denied, open '/usr/lib/code/extensions/theme-abyss/package.json': Error: EACCES: permission denied, open '/usr/lib/code/extensions/theme-abyss/package.json'
[2020-10-14 17:45:04.668] [renderer1] [error] EACCES: permission denied, open '/usr/lib/code/extensions/handlebars/package.json': Error: EACCES: permission denied, open '/usr/lib/code/extensions/handlebars/package.json'
[2020-10-14 17:45:04.668] [renderer1] [error] EACCES: permission denied, open '/usr/lib/code/extensions/theme-quietlight/package.json': Error: EACCES: permission denied, open '/usr/lib/code/extensions/theme-quietlight/package.json'
[2020-10-14 17:45:04.668] [renderer1] [error] EACCES: permission denied, open '/usr/lib/code/extensions/theme-kimbie-dark/package.json': Error: EACCES: permission denied, open '/usr/lib/code/extensions/theme-kimbie-dark/package.json'
[2020-10-14 17:45:04.669] [renderer1] [error] EACCES: permission denied, open '/usr/lib/code/extensions/go/package.json': Error: EACCES: permission denied, open '/usr/lib/code/extensions/go/package.json'
[2020-10-14 17:45:04.669] [renderer1] [error] EACCES: permission denied, open '/usr/lib/code/extensions/bat/package.json': Error: EACCES: permission denied, open '/usr/lib/code/extensions/bat/package.json'
[2020-10-14 17:45:04.669] [renderer1] [error] EACCES: permission denied, open '/usr/lib/code/extensions/groovy/package.json': Error: EACCES: permission denied, open '/usr/lib/code/extensions/groovy/package.json'
[2020-10-14 17:45:04.669] [renderer1] [error] EACCES: permission denied, open '/usr/lib/code/extensions/scss/package.json': Error: EACCES: permission denied, open '/usr/lib/code/extensions/scss/package.json'
[2020-10-14 17:45:04.669] [renderer1] [error] EACCES: permission denied, open '/usr/lib/code/extensions/theme-monokai-dimmed/package.json': Error: EACCES: permission denied, open '/usr/lib/code/extensions/theme-monokai-dimmed/package.json'
[2020-10-14 17:45:04.669] [renderer1] [error] EACCES: permission denied, open '/usr/lib/code/extensions/clojure/package.json': Error: EACCES: permission denied, open '/usr/lib/code/extensions/clojure/package.json'
[2020-10-14 17:45:04.669] [renderer1] [error] EACCES: permission denied, open '/usr/lib/code/extensions/npm/package.json': Error: EACCES: permission denied, open '/usr/lib/code/extensions/npm/package.json'
[2020-10-14 17:45:04.669] [renderer1] [error] EACCES: permission denied, open '/usr/lib/code/extensions/theme-seti/package.json': Error: EACCES: permission denied, open '/usr/lib/code/extensions/theme-seti/package.json'
[2020-10-14 17:45:04.669] [renderer1] [error] EACCES: permission denied, open '/usr/lib/code/extensions/perl/package.json': Error: EACCES: permission denied, open '/usr/lib/code/extensions/perl/package.json'
[2020-10-14 17:45:04.669] [renderer1] [error] EACCES: permission denied, open '/usr/lib/code/extensions/python/package.json': Error: EACCES: permission denied, open '/usr/lib/code/extensions/python/package.json'
[2020-10-14 17:45:04.669] [renderer1] [error] EACCES: permission denied, open '/usr/lib/code/extensions/coffeescript/package.json': Error: EACCES: permission denied, open '/usr/lib/code/extensions/coffeescript/package.json'
[2020-10-14 17:45:04.669] [renderer1] [error] EACCES: permission denied, open '/usr/lib/code/extensions/pug/package.json': Error: EACCES: permission denied, open '/usr/lib/code/extensions/pug/package.json'
[2020-10-14 17:45:04.669] [renderer1] [error] EACCES: permission denied, open '/usr/lib/code/extensions/gulp/package.json': Error: EACCES: permission denied, open '/usr/lib/code/extensions/gulp/package.json'
[2020-10-14 17:45:04.669] [renderer1] [error] EACCES: permission denied, open '/usr/lib/code/extensions/grunt/package.json': Error: EACCES: permission denied, open '/usr/lib/code/extensions/grunt/package.json'
[2020-10-14 17:46:30.496] [renderer1] [error] EACCES: permission denied, open '/usr/lib/code/extensions/java/package.json': Error: EACCES: permission denied, open '/usr/lib/code/extensions/java/package.json'
[2020-10-14 17:46:30.497] [renderer1] [error] EACCES: permission denied, open '/usr/lib/code/extensions/javascript/package.json': Error: EACCES: permission denied, open '/usr/lib/code/extensions/javascript/package.json'
[2020-10-14 17:46:30.497] [renderer1] [error] EACCES: permission denied, open '/usr/lib/code/extensions/typescript-language-features/package.json': Error: EACCES: permission denied, open '/usr/lib/code/extensions/typescript-language-features/package.json'
[2020-10-14 17:49:45.262] [renderer1] [error] The request (id: 100, method: 'textDocument/hover') has been cancelled: Error: The request (id: 100, method: 'textDocument/hover') has been cancelled
	at /home/tilen/.vscode-oss/extensions/redhat.java-0.68.0/dist/extension.js:1:76464
	at /home/tilen/.vscode-oss/extensions/redhat.java-0.68.0/dist/extension.js:1:76758
	at Immediate.<anonymous> (/home/tilen/.vscode-oss/extensions/redhat.java-0.68.0/dist/extension.js:1:77117)
	at processImmediate (internal/timers.js:439:21)
[2020-10-14 17:53:18.622] [renderer1] [error] The request (id: 332, method: 'textDocument/hover') has been cancelled: Error: The request (id: 332, method: 'textDocument/hover') has been cancelled
	at /home/tilen/.vscode-oss/extensions/redhat.java-0.68.0/dist/extension.js:1:76464
	at /home/tilen/.vscode-oss/extensions/redhat.java-0.68.0/dist/extension.js:1:76758
	at Immediate.<anonymous> (/home/tilen/.vscode-oss/extensions/redhat.java-0.68.0/dist/extension.js:1:77117)
	at processImmediate (internal/timers.js:439:21)
[2020-10-14 17:58:05.500] [renderer1] [error] The request (id: 559, method: 'textDocument/hover') has been cancelled: Error: The request (id: 559, method: 'textDocument/hover') has been cancelled
	at /home/tilen/.vscode-oss/extensions/redhat.java-0.68.0/dist/extension.js:1:76464
	at /home/tilen/.vscode-oss/extensions/redhat.java-0.68.0/dist/extension.js:1:76758
	at Immediate.<anonymous> (/home/tilen/.vscode-oss/extensions/redhat.java-0.68.0/dist/extension.js:1:77117)
	at processImmediate (internal/timers.js:439:21)
[2020-10-14 18:12:05.461] [renderer1] [error] The request (id: 934, method: 'textDocument/hover') has been cancelled: Error: The request (id: 934, method: 'textDocument/hover') has been cancelled
	at /home/tilen/.vscode-oss/extensions/redhat.java-0.68.0/dist/extension.js:1:76464
	at /home/tilen/.vscode-oss/extensions/redhat.java-0.68.0/dist/extension.js:1:76758
	at Immediate.<anonymous> (/home/tilen/.vscode-oss/extensions/redhat.java-0.68.0/dist/extension.js:1:77117)
	at processImmediate (internal/timers.js:439:21)
