[Error - 22:45:48] 8. nov. 2021 22:45:48 Failed to load extension bundles 
Load bundle list
org.eclipse.core.runtime.CoreException: Load bundle list
	at org.eclipse.jdt.ls.core.internal.handlers.BundleUtils.loadBundles(BundleUtils.java:169)
	at org.eclipse.jdt.ls.core.internal.handlers.InitHandler.handleInitializationOptions(InitHandler.java:89)
	at org.eclipse.jdt.ls.core.internal.handlers.BaseInitHandler.initialize(BaseInitHandler.java:63)
	at org.eclipse.jdt.ls.core.internal.handlers.JDTLanguageServer.initialize(JDTLanguageServer.java:237)
	at java.base/jdk.internal.reflect.NativeMethodAccessorImpl.invoke0(Native Method)
	at java.base/jdk.internal.reflect.NativeMethodAccessorImpl.invoke(NativeMethodAccessorImpl.java:62)
	at java.base/jdk.internal.reflect.DelegatingMethodAccessorImpl.invoke(DelegatingMethodAccessorImpl.java:43)
	at java.base/java.lang.reflect.Method.invoke(Method.java:566)
	at org.eclipse.lsp4j.jsonrpc.services.GenericEndpoint.lambda$null$0(GenericEndpoint.java:65)
	at org.eclipse.lsp4j.jsonrpc.services.GenericEndpoint.request(GenericEndpoint.java:120)
	at org.eclipse.lsp4j.jsonrpc.RemoteEndpoint.handleRequest(RemoteEndpoint.java:261)
	at org.eclipse.lsp4j.jsonrpc.RemoteEndpoint.consume(RemoteEndpoint.java:190)
	at org.eclipse.jdt.ls.core.internal.ParentProcessWatcher.lambda$0(ParentProcessWatcher.java:123)
	at org.eclipse.lsp4j.jsonrpc.json.StreamMessageProducer.handleMessage(StreamMessageProducer.java:194)
	at org.eclipse.lsp4j.jsonrpc.json.StreamMessageProducer.listen(StreamMessageProducer.java:94)
	at org.eclipse.lsp4j.jsonrpc.json.ConcurrentMessageProcessor.run(ConcurrentMessageProcessor.java:113)
	at java.base/java.util.concurrent.Executors$RunnableAdapter.call(Executors.java:515)
	at java.base/java.util.concurrent.FutureTask.run(FutureTask.java:264)
	at java.base/java.util.concurrent.ThreadPoolExecutor.runWorker(ThreadPoolExecutor.java:1128)
	at java.base/java.util.concurrent.ThreadPoolExecutor$Worker.run(ThreadPoolExecutor.java:628)
	at java.base/java.lang.Thread.run(Thread.java:829)
Contains: Cannot extract bundle symbolicName or version /home/tilen/.vscode-oss/extensions/vscjava.vscode-maven-0.21.2/jdtls.ext/com.microsoft.java.maven.plugin/target/com.microsoft.java.maven.plugin-0.21.2.jar
java.nio.file.NoSuchFileException: /home/tilen/.vscode-oss/extensions/vscjava.vscode-maven-0.21.2/jdtls.ext/com.microsoft.java.maven.plugin/target/com.microsoft.java.maven.plugin-0.21.2.jar
	at java.base/sun.nio.fs.UnixException.translateToIOException(UnixException.java:92)
	at java.base/sun.nio.fs.UnixException.rethrowAsIOException(UnixException.java:111)
	at java.base/sun.nio.fs.UnixException.rethrowAsIOException(UnixException.java:116)
	at java.base/sun.nio.fs.UnixFileAttributeViews$Basic.readAttributes(UnixFileAttributeViews.java:55)
	at java.base/sun.nio.fs.UnixFileSystemProvider.readAttributes(UnixFileSystemProvider.java:149)
	at java.base/sun.nio.fs.LinuxFileSystemProvider.readAttributes(LinuxFileSystemProvider.java:99)
	at java.base/java.nio.file.Files.readAttributes(Files.java:1764)
	at java.base/java.util.zip.ZipFile$Source.get(ZipFile.java:1259)
	at java.base/java.util.zip.ZipFile$CleanableResource.<init>(ZipFile.java:733)
	at java.base/java.util.zip.ZipFile$CleanableResource.get(ZipFile.java:850)
	at java.base/java.util.zip.ZipFile.<init>(ZipFile.java:248)
	at java.base/java.util.zip.ZipFile.<init>(ZipFile.java:177)
	at java.base/java.util.jar.JarFile.<init>(JarFile.java:348)
	at java.base/java.util.jar.JarFile.<init>(JarFile.java:319)
	at java.base/java.util.jar.JarFile.<init>(JarFile.java:258)
	at org.eclipse.jdt.ls.core.internal.handlers.BundleUtils.getBundleInfo(BundleUtils.java:302)
	at org.eclipse.jdt.ls.core.internal.handlers.BundleUtils.loadBundles(BundleUtils.java:116)
	at org.eclipse.jdt.ls.core.internal.handlers.InitHandler.handleInitializationOptions(InitHandler.java:89)
	at org.eclipse.jdt.ls.core.internal.handlers.BaseInitHandler.initialize(BaseInitHandler.java:63)
	at org.eclipse.jdt.ls.core.internal.handlers.JDTLanguageServer.initialize(JDTLanguageServer.java:237)
	at java.base/jdk.internal.reflect.NativeMethodAccessorImpl.invoke0(Native Method)
	at java.base/jdk.internal.reflect.NativeMethodAccessorImpl.invoke(NativeMethodAccessorImpl.java:62)
	at java.base/jdk.internal.reflect.DelegatingMethodAccessorImpl.invoke(DelegatingMethodAccessorImpl.java:43)
	at java.base/java.lang.reflect.Method.invoke(Method.java:566)
	at org.eclipse.lsp4j.jsonrpc.services.GenericEndpoint.lambda$null$0(GenericEndpoint.java:65)
	at org.eclipse.lsp4j.jsonrpc.services.GenericEndpoint.request(GenericEndpoint.java:120)
	at org.eclipse.lsp4j.jsonrpc.RemoteEndpoint.handleRequest(RemoteEndpoint.java:261)
	at org.eclipse.lsp4j.jsonrpc.RemoteEndpoint.consume(RemoteEndpoint.java:190)
	at org.eclipse.jdt.ls.core.internal.ParentProcessWatcher.lambda$0(ParentProcessWatcher.java:123)
	at org.eclipse.lsp4j.jsonrpc.json.StreamMessageProducer.handleMessage(StreamMessageProducer.java:194)
	at org.eclipse.lsp4j.jsonrpc.json.StreamMessageProducer.listen(StreamMessageProducer.java:94)
	at org.eclipse.lsp4j.jsonrpc.json.ConcurrentMessageProcessor.run(ConcurrentMessageProcessor.java:113)
	at java.base/java.util.concurrent.Executors$RunnableAdapter.call(Executors.java:515)
	at java.base/java.util.concurrent.FutureTask.run(FutureTask.java:264)
	at java.base/java.util.concurrent.ThreadPoolExecutor.runWorker(ThreadPoolExecutor.java:1128)
	at java.base/java.util.concurrent.ThreadPoolExecutor$Worker.run(ThreadPoolExecutor.java:628)
	at java.base/java.lang.Thread.run(Thread.java:829)

[Error - 22:45:50] 8. nov. 2021 22:45:50 Error
org.eclipse.equinox.simpleconfigurator/bundles.info (Datoteka ali imenik s tem imenom ne obstaja)
java.io.FileNotFoundException: org.eclipse.equinox.simpleconfigurator/bundles.info (Datoteka ali imenik s tem imenom ne obstaja)
	at java.base/java.io.FileInputStream.open0(Native Method)
	at java.base/java.io.FileInputStream.open(FileInputStream.java:219)
	at java.base/java.io.FileInputStream.<init>(FileInputStream.java:157)
	at java.base/java.io.FileInputStream.<init>(FileInputStream.java:112)
	at java.base/sun.net.www.protocol.file.FileURLConnection.connect(FileURLConnection.java:86)
	at java.base/sun.net.www.protocol.file.FileURLConnection.getInputStream(FileURLConnection.java:184)
	at java.base/java.net.URL.openStream(URL.java:1165)
	at org.eclipse.equinox.internal.simpleconfigurator.manipulator.SimpleConfiguratorManipulatorImpl.loadConfiguration(SimpleConfiguratorManipulatorImpl.java:365)
	at org.eclipse.jdt.internal.junit.buildpath.P2Utils.findBundle(P2Utils.java:93)
	at org.eclipse.jdt.internal.junit.buildpath.BuildPathSupport$JUnitPluginDescription.getBundleLocation(BuildPathSupport.java:88)
	at org.eclipse.jdt.internal.junit.buildpath.BuildPathSupport$JUnitPluginDescription.getBundleLocation(BuildPathSupport.java:84)
	at org.eclipse.jdt.internal.junit.buildpath.BuildPathSupport$JUnitPluginDescription.getLibraryEntry(BuildPathSupport.java:205)
	at org.eclipse.jdt.internal.junit.buildpath.BuildPathSupport.getJUnit4LibraryEntry(BuildPathSupport.java:398)
	at org.eclipse.jdt.internal.junit.buildpath.JUnitContainerInitializer.getNewContainer(JUnitContainerInitializer.java:121)
	at org.eclipse.jdt.internal.junit.buildpath.JUnitContainerInitializer.initialize(JUnitContainerInitializer.java:101)
	at org.eclipse.jdt.internal.core.JavaModelManager.initializeContainer(JavaModelManager.java:3144)
	at org.eclipse.jdt.internal.core.JavaModelManager.getClasspathContainer(JavaModelManager.java:2092)
	at org.eclipse.jdt.core.JavaCore.getClasspathContainer(JavaCore.java:3783)
	at org.eclipse.jdt.internal.core.JavaProject.resolveClasspath(JavaProject.java:3243)
	at org.eclipse.jdt.internal.core.JavaProject.resolveClasspath(JavaProject.java:3407)
	at org.eclipse.jdt.internal.core.JavaProject.getResolvedClasspath(JavaProject.java:2491)
	at org.eclipse.jdt.internal.core.JavaProject.computeExpandedClasspath(JavaProject.java:590)
	at org.eclipse.jdt.internal.core.JavaProject.getExpandedClasspath(JavaProject.java:2033)
	at org.eclipse.jdt.internal.core.builder.NameEnvironment.computeClasspathLocations(NameEnvironment.java:121)
	at org.eclipse.jdt.internal.core.builder.NameEnvironment.<init>(NameEnvironment.java:63)
	at org.eclipse.jdt.internal.core.builder.JavaBuilder.initializeBuilder(JavaBuilder.java:643)
	at org.eclipse.jdt.internal.core.builder.JavaBuilder.clean(JavaBuilder.java:311)
	at org.eclipse.core.internal.events.BuildManager$2.run(BuildManager.java:858)
	at org.eclipse.core.runtime.SafeRunner.run(SafeRunner.java:45)
	at org.eclipse.core.internal.events.BuildManager.basicBuild(BuildManager.java:232)
	at org.eclipse.core.internal.events.BuildManager.basicBuild(BuildManager.java:281)
	at org.eclipse.core.internal.events.BuildManager$1.run(BuildManager.java:334)
	at org.eclipse.core.runtime.SafeRunner.run(SafeRunner.java:45)
	at org.eclipse.core.internal.events.BuildManager.basicBuild(BuildManager.java:337)
	at org.eclipse.core.internal.events.BuildManager.basicBuildLoop(BuildManager.java:389)
	at org.eclipse.core.internal.events.BuildManager.build(BuildManager.java:410)
	at org.eclipse.core.internal.resources.Workspace.buildInternal(Workspace.java:516)
	at org.eclipse.core.internal.resources.Workspace.build(Workspace.java:406)
	at org.eclipse.jdt.ls.core.internal.managers.StandardProjectsManager$2.runInWorkspace(StandardProjectsManager.java:314)
	at org.eclipse.core.internal.resources.InternalWorkspaceJob.run(InternalWorkspaceJob.java:42)
	at org.eclipse.core.internal.jobs.Worker.run(Worker.java:63)

[Error - 22:45:50] 8. nov. 2021 22:45:50 Error
org.eclipse.equinox.simpleconfigurator/bundles.info (Datoteka ali imenik s tem imenom ne obstaja)
java.io.FileNotFoundException: org.eclipse.equinox.simpleconfigurator/bundles.info (Datoteka ali imenik s tem imenom ne obstaja)
	at java.base/java.io.FileInputStream.open0(Native Method)
	at java.base/java.io.FileInputStream.open(FileInputStream.java:219)
	at java.base/java.io.FileInputStream.<init>(FileInputStream.java:157)
	at java.base/java.io.FileInputStream.<init>(FileInputStream.java:112)
	at java.base/sun.net.www.protocol.file.FileURLConnection.connect(FileURLConnection.java:86)
	at java.base/sun.net.www.protocol.file.FileURLConnection.getInputStream(FileURLConnection.java:184)
	at java.base/java.net.URL.openStream(URL.java:1165)
	at org.eclipse.equinox.internal.simpleconfigurator.manipulator.SimpleConfiguratorManipulatorImpl.loadConfiguration(SimpleConfiguratorManipulatorImpl.java:365)
	at org.eclipse.jdt.internal.junit.buildpath.P2Utils.findBundle(P2Utils.java:93)
	at org.eclipse.jdt.internal.junit.buildpath.BuildPathSupport$JUnitPluginDescription.getBundleLocation(BuildPathSupport.java:88)
	at org.eclipse.jdt.internal.junit.buildpath.BuildPathSupport$JUnitPluginDescription.getBundleLocation(BuildPathSupport.java:84)
	at org.eclipse.jdt.internal.junit.buildpath.BuildPathSupport$JUnitPluginDescription.getLibraryEntry(BuildPathSupport.java:218)
	at org.eclipse.jdt.internal.junit.buildpath.BuildPathSupport.getJUnit4LibraryEntry(BuildPathSupport.java:398)
	at org.eclipse.jdt.internal.junit.buildpath.JUnitContainerInitializer.getNewContainer(JUnitContainerInitializer.java:121)
	at org.eclipse.jdt.internal.junit.buildpath.JUnitContainerInitializer.initialize(JUnitContainerInitializer.java:101)
	at org.eclipse.jdt.internal.core.JavaModelManager.initializeContainer(JavaModelManager.java:3144)
	at org.eclipse.jdt.internal.core.JavaModelManager.getClasspathContainer(JavaModelManager.java:2092)
	at org.eclipse.jdt.core.JavaCore.getClasspathContainer(JavaCore.java:3783)
	at org.eclipse.jdt.internal.core.JavaProject.resolveClasspath(JavaProject.java:3243)
	at org.eclipse.jdt.internal.core.JavaProject.resolveClasspath(JavaProject.java:3407)
	at org.eclipse.jdt.internal.core.JavaProject.getResolvedClasspath(JavaProject.java:2491)
	at org.eclipse.jdt.internal.core.JavaProject.computeExpandedClasspath(JavaProject.java:590)
	at org.eclipse.jdt.internal.core.JavaProject.getExpandedClasspath(JavaProject.java:2033)
	at org.eclipse.jdt.internal.core.builder.NameEnvironment.computeClasspathLocations(NameEnvironment.java:121)
	at org.eclipse.jdt.internal.core.builder.NameEnvironment.<init>(NameEnvironment.java:63)
	at org.eclipse.jdt.internal.core.builder.JavaBuilder.initializeBuilder(JavaBuilder.java:643)
	at org.eclipse.jdt.internal.core.builder.JavaBuilder.clean(JavaBuilder.java:311)
	at org.eclipse.core.internal.events.BuildManager$2.run(BuildManager.java:858)
	at org.eclipse.core.runtime.SafeRunner.run(SafeRunner.java:45)
	at org.eclipse.core.internal.events.BuildManager.basicBuild(BuildManager.java:232)
	at org.eclipse.core.internal.events.BuildManager.basicBuild(BuildManager.java:281)
	at org.eclipse.core.internal.events.BuildManager$1.run(BuildManager.java:334)
	at org.eclipse.core.runtime.SafeRunner.run(SafeRunner.java:45)
	at org.eclipse.core.internal.events.BuildManager.basicBuild(BuildManager.java:337)
	at org.eclipse.core.internal.events.BuildManager.basicBuildLoop(BuildManager.java:389)
	at org.eclipse.core.internal.events.BuildManager.build(BuildManager.java:410)
	at org.eclipse.core.internal.resources.Workspace.buildInternal(Workspace.java:516)
	at org.eclipse.core.internal.resources.Workspace.build(Workspace.java:406)
	at org.eclipse.jdt.ls.core.internal.managers.StandardProjectsManager$2.runInWorkspace(StandardProjectsManager.java:314)
	at org.eclipse.core.internal.resources.InternalWorkspaceJob.run(InternalWorkspaceJob.java:42)
	at org.eclipse.core.internal.jobs.Worker.run(Worker.java:63)

[Error - 22:45:50] 8. nov. 2021 22:45:50 Error
org.eclipse.equinox.simpleconfigurator/bundles.info (Datoteka ali imenik s tem imenom ne obstaja)
java.io.FileNotFoundException: org.eclipse.equinox.simpleconfigurator/bundles.info (Datoteka ali imenik s tem imenom ne obstaja)
	at java.base/java.io.FileInputStream.open0(Native Method)
	at java.base/java.io.FileInputStream.open(FileInputStream.java:219)
	at java.base/java.io.FileInputStream.<init>(FileInputStream.java:157)
	at java.base/java.io.FileInputStream.<init>(FileInputStream.java:112)
	at java.base/sun.net.www.protocol.file.FileURLConnection.connect(FileURLConnection.java:86)
	at java.base/sun.net.www.protocol.file.FileURLConnection.getInputStream(FileURLConnection.java:184)
	at java.base/java.net.URL.openStream(URL.java:1165)
	at org.eclipse.equinox.internal.simpleconfigurator.manipulator.SimpleConfiguratorManipulatorImpl.loadConfiguration(SimpleConfiguratorManipulatorImpl.java:365)
	at org.eclipse.jdt.internal.junit.buildpath.P2Utils.findBundle(P2Utils.java:93)
	at org.eclipse.jdt.internal.junit.buildpath.BuildPathSupport$JUnitPluginDescription.getBundleLocation(BuildPathSupport.java:88)
	at org.eclipse.jdt.internal.junit.buildpath.BuildPathSupport$JUnitPluginDescription.getBundleLocation(BuildPathSupport.java:84)
	at org.eclipse.jdt.internal.junit.buildpath.BuildPathSupport$JUnitPluginDescription.getLibraryEntry(BuildPathSupport.java:205)
	at org.eclipse.jdt.internal.junit.buildpath.BuildPathSupport.getHamcrestCoreLibraryEntry(BuildPathSupport.java:413)
	at org.eclipse.jdt.internal.junit.buildpath.JUnitContainerInitializer.getNewContainer(JUnitContainerInitializer.java:122)
	at org.eclipse.jdt.internal.junit.buildpath.JUnitContainerInitializer.initialize(JUnitContainerInitializer.java:101)
	at org.eclipse.jdt.internal.core.JavaModelManager.initializeContainer(JavaModelManager.java:3144)
	at org.eclipse.jdt.internal.core.JavaModelManager.getClasspathContainer(JavaModelManager.java:2092)
	at org.eclipse.jdt.core.JavaCore.getClasspathContainer(JavaCore.java:3783)
	at org.eclipse.jdt.internal.core.JavaProject.resolveClasspath(JavaProject.java:3243)
	at org.eclipse.jdt.internal.core.JavaProject.resolveClasspath(JavaProject.java:3407)
	at org.eclipse.jdt.internal.core.JavaProject.getResolvedClasspath(JavaProject.java:2491)
	at org.eclipse.jdt.internal.core.JavaProject.computeExpandedClasspath(JavaProject.java:590)
	at org.eclipse.jdt.internal.core.JavaProject.getExpandedClasspath(JavaProject.java:2033)
	at org.eclipse.jdt.internal.core.builder.NameEnvironment.computeClasspathLocations(NameEnvironment.java:121)
	at org.eclipse.jdt.internal.core.builder.NameEnvironment.<init>(NameEnvironment.java:63)
	at org.eclipse.jdt.internal.core.builder.JavaBuilder.initializeBuilder(JavaBuilder.java:643)
	at org.eclipse.jdt.internal.core.builder.JavaBuilder.clean(JavaBuilder.java:311)
	at org.eclipse.core.internal.events.BuildManager$2.run(BuildManager.java:858)
	at org.eclipse.core.runtime.SafeRunner.run(SafeRunner.java:45)
	at org.eclipse.core.internal.events.BuildManager.basicBuild(BuildManager.java:232)
	at org.eclipse.core.internal.events.BuildManager.basicBuild(BuildManager.java:281)
	at org.eclipse.core.internal.events.BuildManager$1.run(BuildManager.java:334)
	at org.eclipse.core.runtime.SafeRunner.run(SafeRunner.java:45)
	at org.eclipse.core.internal.events.BuildManager.basicBuild(BuildManager.java:337)
	at org.eclipse.core.internal.events.BuildManager.basicBuildLoop(BuildManager.java:389)
	at org.eclipse.core.internal.events.BuildManager.build(BuildManager.java:410)
	at org.eclipse.core.internal.resources.Workspace.buildInternal(Workspace.java:516)
	at org.eclipse.core.internal.resources.Workspace.build(Workspace.java:406)
	at org.eclipse.jdt.ls.core.internal.managers.StandardProjectsManager$2.runInWorkspace(StandardProjectsManager.java:314)
	at org.eclipse.core.internal.resources.InternalWorkspaceJob.run(InternalWorkspaceJob.java:42)
	at org.eclipse.core.internal.jobs.Worker.run(Worker.java:63)

[Error - 22:45:50] 8. nov. 2021 22:45:50 Error
org.eclipse.equinox.simpleconfigurator/bundles.info (Datoteka ali imenik s tem imenom ne obstaja)
java.io.FileNotFoundException: org.eclipse.equinox.simpleconfigurator/bundles.info (Datoteka ali imenik s tem imenom ne obstaja)
	at java.base/java.io.FileInputStream.open0(Native Method)
	at java.base/java.io.FileInputStream.open(FileInputStream.java:219)
	at java.base/java.io.FileInputStream.<init>(FileInputStream.java:157)
	at java.base/java.io.FileInputStream.<init>(FileInputStream.java:112)
	at java.base/sun.net.www.protocol.file.FileURLConnection.connect(FileURLConnection.java:86)
	at java.base/sun.net.www.protocol.file.FileURLConnection.getInputStream(FileURLConnection.java:184)
	at java.base/java.net.URL.openStream(URL.java:1165)
	at org.eclipse.equinox.internal.simpleconfigurator.manipulator.SimpleConfiguratorManipulatorImpl.loadConfiguration(SimpleConfiguratorManipulatorImpl.java:365)
	at org.eclipse.jdt.internal.junit.buildpath.P2Utils.findBundle(P2Utils.java:93)
	at org.eclipse.jdt.internal.junit.buildpath.BuildPathSupport$JUnitPluginDescription.getBundleLocation(BuildPathSupport.java:88)
	at org.eclipse.jdt.internal.junit.buildpath.BuildPathSupport$JUnitPluginDescription.getBundleLocation(BuildPathSupport.java:84)
	at org.eclipse.jdt.internal.junit.buildpath.BuildPathSupport$JUnitPluginDescription.getLibraryEntry(BuildPathSupport.java:218)
	at org.eclipse.jdt.internal.junit.buildpath.BuildPathSupport.getHamcrestCoreLibraryEntry(BuildPathSupport.java:413)
	at org.eclipse.jdt.internal.junit.buildpath.JUnitContainerInitializer.getNewContainer(JUnitContainerInitializer.java:122)
	at org.eclipse.jdt.internal.junit.buildpath.JUnitContainerInitializer.initialize(JUnitContainerInitializer.java:101)
	at org.eclipse.jdt.internal.core.JavaModelManager.initializeContainer(JavaModelManager.java:3144)
	at org.eclipse.jdt.internal.core.JavaModelManager.getClasspathContainer(JavaModelManager.java:2092)
	at org.eclipse.jdt.core.JavaCore.getClasspathContainer(JavaCore.java:3783)
	at org.eclipse.jdt.internal.core.JavaProject.resolveClasspath(JavaProject.java:3243)
	at org.eclipse.jdt.internal.core.JavaProject.resolveClasspath(JavaProject.java:3407)
	at org.eclipse.jdt.internal.core.JavaProject.getResolvedClasspath(JavaProject.java:2491)
	at org.eclipse.jdt.internal.core.JavaProject.computeExpandedClasspath(JavaProject.java:590)
	at org.eclipse.jdt.internal.core.JavaProject.getExpandedClasspath(JavaProject.java:2033)
	at org.eclipse.jdt.internal.core.builder.NameEnvironment.computeClasspathLocations(NameEnvironment.java:121)
	at org.eclipse.jdt.internal.core.builder.NameEnvironment.<init>(NameEnvironment.java:63)
	at org.eclipse.jdt.internal.core.builder.JavaBuilder.initializeBuilder(JavaBuilder.java:643)
	at org.eclipse.jdt.internal.core.builder.JavaBuilder.clean(JavaBuilder.java:311)
	at org.eclipse.core.internal.events.BuildManager$2.run(BuildManager.java:858)
	at org.eclipse.core.runtime.SafeRunner.run(SafeRunner.java:45)
	at org.eclipse.core.internal.events.BuildManager.basicBuild(BuildManager.java:232)
	at org.eclipse.core.internal.events.BuildManager.basicBuild(BuildManager.java:281)
	at org.eclipse.core.internal.events.BuildManager$1.run(BuildManager.java:334)
	at org.eclipse.core.runtime.SafeRunner.run(SafeRunner.java:45)
	at org.eclipse.core.internal.events.BuildManager.basicBuild(BuildManager.java:337)
	at org.eclipse.core.internal.events.BuildManager.basicBuildLoop(BuildManager.java:389)
	at org.eclipse.core.internal.events.BuildManager.build(BuildManager.java:410)
	at org.eclipse.core.internal.resources.Workspace.buildInternal(Workspace.java:516)
	at org.eclipse.core.internal.resources.Workspace.build(Workspace.java:406)
	at org.eclipse.jdt.ls.core.internal.managers.StandardProjectsManager$2.runInWorkspace(StandardProjectsManager.java:314)
	at org.eclipse.core.internal.resources.InternalWorkspaceJob.run(InternalWorkspaceJob.java:42)
	at org.eclipse.core.internal.jobs.Worker.run(Worker.java:63)

[Error - 22:50:59] 8. nov. 2021 22:50:59 JavaBuilder handling CoreException
File not found: /home/tilen/Programing/Java/Podatkovne Strukture in Algoritmi/VDN-V2/bin/psa/naloga1/Binarno.class.
org.eclipse.core.internal.resources.ResourceException(/Task1Skeleton/bin/psa/naloga1/Binarno.class)[368]: java.lang.Exception: File not found: /home/tilen/Programing/Java/Podatkovne Strukture in Algoritmi/VDN-V2/bin/psa/naloga1/Binarno.class.
	at org.eclipse.core.internal.resources.ResourceException.provideStackTrace(ResourceException.java:42)
	at org.eclipse.core.internal.resources.ResourceException.<init>(ResourceException.java:38)
	at org.eclipse.core.internal.localstore.FileSystemResourceManager.read(FileSystemResourceManager.java:835)
	at org.eclipse.core.internal.resources.File.getContents(File.java:275)
	at org.eclipse.jdt.internal.core.util.Util.getResourceContentsAsByteArray(Util.java:1172)
	at org.eclipse.jdt.internal.core.builder.IncrementalImageBuilder.writeClassFileCheck(IncrementalImageBuilder.java:942)
	at org.eclipse.jdt.internal.core.builder.IncrementalImageBuilder.writeClassFileContents(IncrementalImageBuilder.java:884)
	at org.eclipse.jdt.internal.core.builder.AbstractImageBuilder.writeClassFile(AbstractImageBuilder.java:866)
	at org.eclipse.jdt.internal.core.builder.AbstractImageBuilder.acceptResult(AbstractImageBuilder.java:194)
	at org.eclipse.jdt.internal.compiler.Compiler.processCompiledUnits(Compiler.java:615)
	at org.eclipse.jdt.internal.compiler.Compiler.compile(Compiler.java:475)
	at org.eclipse.jdt.internal.compiler.Compiler.compile(Compiler.java:426)
	at org.eclipse.jdt.internal.core.builder.AbstractImageBuilder.compile(AbstractImageBuilder.java:379)
	at org.eclipse.jdt.internal.core.builder.IncrementalImageBuilder.compile(IncrementalImageBuilder.java:371)
	at org.eclipse.jdt.internal.core.builder.AbstractImageBuilder.compile(AbstractImageBuilder.java:311)
	at org.eclipse.jdt.internal.core.builder.IncrementalImageBuilder.incrementalBuildLoop(IncrementalImageBuilder.java:190)
	at org.eclipse.jdt.internal.core.builder.IncrementalImageBuilder.build(IncrementalImageBuilder.java:147)
	at org.eclipse.jdt.internal.core.builder.JavaBuilder.buildDeltas(JavaBuilder.java:289)
	at org.eclipse.jdt.internal.core.builder.JavaBuilder.build(JavaBuilder.java:212)
	at org.eclipse.core.internal.events.BuildManager$2.run(BuildManager.java:853)
	at org.eclipse.core.runtime.SafeRunner.run(SafeRunner.java:45)
	at org.eclipse.core.internal.events.BuildManager.basicBuild(BuildManager.java:232)
	at org.eclipse.core.internal.events.BuildManager.basicBuild(BuildManager.java:281)
	at org.eclipse.core.internal.events.BuildManager$1.run(BuildManager.java:334)
	at org.eclipse.core.runtime.SafeRunner.run(SafeRunner.java:45)
	at org.eclipse.core.internal.events.BuildManager.basicBuild(BuildManager.java:337)
	at org.eclipse.core.internal.events.BuildManager.basicBuildLoop(BuildManager.java:389)
	at org.eclipse.core.internal.events.BuildManager.build(BuildManager.java:410)
	at org.eclipse.core.internal.events.AutoBuildJob.doBuild(AutoBuildJob.java:160)
	at org.eclipse.core.internal.events.AutoBuildJob.run(AutoBuildJob.java:251)
	at org.eclipse.core.internal.jobs.Worker.run(Worker.java:63)

[Error - 22:50:59] 8. nov. 2021 22:50:59 JavaBuilder handling CoreException
File not found: /home/tilen/Programing/Java/Podatkovne Strukture in Algoritmi/VDN-V2/bin/psa/naloga1/PublicTests.class.
org.eclipse.core.internal.resources.ResourceException(/Task1Skeleton/bin/psa/naloga1/PublicTests.class)[368]: java.lang.Exception: File not found: /home/tilen/Programing/Java/Podatkovne Strukture in Algoritmi/VDN-V2/bin/psa/naloga1/PublicTests.class.
	at org.eclipse.core.internal.resources.ResourceException.provideStackTrace(ResourceException.java:42)
	at org.eclipse.core.internal.resources.ResourceException.<init>(ResourceException.java:38)
	at org.eclipse.core.internal.localstore.FileSystemResourceManager.read(FileSystemResourceManager.java:835)
	at org.eclipse.core.internal.resources.File.getContents(File.java:275)
	at org.eclipse.jdt.internal.core.util.Util.getResourceContentsAsByteArray(Util.java:1172)
	at org.eclipse.jdt.internal.core.builder.IncrementalImageBuilder.writeClassFileCheck(IncrementalImageBuilder.java:942)
	at org.eclipse.jdt.internal.core.builder.IncrementalImageBuilder.writeClassFileContents(IncrementalImageBuilder.java:884)
	at org.eclipse.jdt.internal.core.builder.AbstractImageBuilder.writeClassFile(AbstractImageBuilder.java:866)
	at org.eclipse.jdt.internal.core.builder.AbstractImageBuilder.acceptResult(AbstractImageBuilder.java:194)
	at org.eclipse.jdt.internal.compiler.Compiler.processCompiledUnits(Compiler.java:615)
	at org.eclipse.jdt.internal.compiler.Compiler.compile(Compiler.java:475)
	at org.eclipse.jdt.internal.compiler.Compiler.compile(Compiler.java:426)
	at org.eclipse.jdt.internal.core.builder.AbstractImageBuilder.compile(AbstractImageBuilder.java:379)
	at org.eclipse.jdt.internal.core.builder.IncrementalImageBuilder.compile(IncrementalImageBuilder.java:371)
	at org.eclipse.jdt.internal.core.builder.AbstractImageBuilder.compile(AbstractImageBuilder.java:311)
	at org.eclipse.jdt.internal.core.builder.IncrementalImageBuilder.incrementalBuildLoop(IncrementalImageBuilder.java:190)
	at org.eclipse.jdt.internal.core.builder.IncrementalImageBuilder.build(IncrementalImageBuilder.java:147)
	at org.eclipse.jdt.internal.core.builder.JavaBuilder.buildDeltas(JavaBuilder.java:289)
	at org.eclipse.jdt.internal.core.builder.JavaBuilder.build(JavaBuilder.java:212)
	at org.eclipse.core.internal.events.BuildManager$2.run(BuildManager.java:853)
	at org.eclipse.core.runtime.SafeRunner.run(SafeRunner.java:45)
	at org.eclipse.core.internal.events.BuildManager.basicBuild(BuildManager.java:232)
	at org.eclipse.core.internal.events.BuildManager.basicBuild(BuildManager.java:281)
	at org.eclipse.core.internal.events.BuildManager$1.run(BuildManager.java:334)
	at org.eclipse.core.runtime.SafeRunner.run(SafeRunner.java:45)
	at org.eclipse.core.internal.events.BuildManager.basicBuild(BuildManager.java:337)
	at org.eclipse.core.internal.events.BuildManager.basicBuildLoop(BuildManager.java:389)
	at org.eclipse.core.internal.events.BuildManager.build(BuildManager.java:410)
	at org.eclipse.core.internal.events.AutoBuildJob.doBuild(AutoBuildJob.java:160)
	at org.eclipse.core.internal.events.AutoBuildJob.run(AutoBuildJob.java:251)
	at org.eclipse.core.internal.jobs.Worker.run(Worker.java:63)

