[Error - 14:11:53] 8. nov. 2021 14:11:53 Problems occurred when invoking code from plug-in: "org.eclipse.jdt.core.manipulation".
null
java.lang.NullPointerException
	at org.eclipse.jdt.internal.core.JavaModelManager.getOption(JavaModelManager.java:2283)
	at org.eclipse.jdt.core.JavaCore.getOption(JavaCore.java:4366)
	at org.eclipse.jdt.internal.core.JavaModelManager.getOption(JavaModelManager.java:2308)
	at org.eclipse.jdt.internal.core.JavaProject.getOption(JavaProject.java:2150)
	at org.eclipse.jdt.internal.core.AbstractClassFile.validateClassFile(AbstractClassFile.java:416)
	at org.eclipse.jdt.internal.core.AbstractClassFile.validateExistence(AbstractClassFile.java:498)
	at org.eclipse.jdt.internal.core.Openable.generateInfos(Openable.java:252)
	at org.eclipse.jdt.internal.core.JavaElement.openWhenClosed(JavaElement.java:597)
	at org.eclipse.jdt.internal.core.JavaElement.getElementInfo(JavaElement.java:328)
	at org.eclipse.jdt.internal.core.JavaElement.getElementInfo(JavaElement.java:314)
	at org.eclipse.jdt.internal.core.JavaElement.exists(JavaElement.java:231)
	at org.eclipse.jdt.internal.core.Openable.exists(Openable.java:208)
	at org.eclipse.jdt.internal.core.PackageFragmentRoot.getSourceModuleDescription(PackageFragmentRoot.java:927)
	at org.eclipse.jdt.internal.core.PackageFragmentRoot.getModuleDescription(PackageFragmentRoot.java:904)
	at org.eclipse.jdt.internal.core.JarPackageFragmentRoot.getModuleDescription(JarPackageFragmentRoot.java:307)
	at org.eclipse.jdt.internal.core.NameLookup.getModuleDescription(NameLookup.java:944)
	at org.eclipse.jdt.internal.core.SearchableEnvironment.getModuleDescription(SearchableEnvironment.java:1084)
	at org.eclipse.jdt.internal.core.SearchableEnvironment.getModulesDeclaringPackage(SearchableEnvironment.java:1014)
	at org.eclipse.jdt.internal.compiler.env.IModuleAwareNameEnvironment.getUniqueModulesDeclaringPackage(IModuleAwareNameEnvironment.java:113)
	at org.eclipse.jdt.internal.compiler.lookup.ModuleBinding.getVisiblePackage(ModuleBinding.java:582)
	at org.eclipse.jdt.internal.compiler.lookup.ModuleBinding.getTopLevelPackage(ModuleBinding.java:551)
	at org.eclipse.jdt.internal.compiler.lookup.LookupEnvironment.getTopLevelPackage(LookupEnvironment.java:1683)
	at org.eclipse.jdt.internal.compiler.lookup.CompilationUnitScope.getDefaultImports(CompilationUnitScope.java:685)
	at org.eclipse.jdt.internal.compiler.lookup.CompilationUnitScope.checkAndSetImports(CompilationUnitScope.java:225)
	at org.eclipse.jdt.internal.compiler.lookup.LookupEnvironment.completeTypeBindings(LookupEnvironment.java:513)
	at org.eclipse.jdt.internal.compiler.Compiler.internalBeginToCompile(Compiler.java:878)
	at org.eclipse.jdt.internal.compiler.Compiler.beginToCompile(Compiler.java:394)
	at org.eclipse.jdt.core.dom.CompilationUnitResolver.resolve(CompilationUnitResolver.java:1170)
	at org.eclipse.jdt.core.dom.CompilationUnitResolver.resolve(CompilationUnitResolver.java:712)
	at org.eclipse.jdt.core.dom.ASTParser.internalCreateAST(ASTParser.java:1245)
	at org.eclipse.jdt.core.dom.ASTParser.createAST(ASTParser.java:868)
	at org.eclipse.jdt.core.manipulation.CoreASTProvider$1.run(CoreASTProvider.java:272)
	at org.eclipse.core.runtime.SafeRunner.run(SafeRunner.java:45)
	at org.eclipse.jdt.core.manipulation.CoreASTProvider.createAST(CoreASTProvider.java:264)
	at org.eclipse.jdt.core.manipulation.CoreASTProvider.getAST(CoreASTProvider.java:197)
	at org.eclipse.jdt.ls.core.internal.handlers.SemanticTokensHandler.full(SemanticTokensHandler.java:46)
	at org.eclipse.jdt.ls.core.internal.syntaxserver.SyntaxLanguageServer.lambda$11(SyntaxLanguageServer.java:409)
	at org.eclipse.jdt.ls.core.internal.BaseJDTLanguageServer.lambda$0(BaseJDTLanguageServer.java:75)
	at java.base/java.util.concurrent.CompletableFuture$UniApply.tryFire(CompletableFuture.java:642)
	at java.base/java.util.concurrent.CompletableFuture$Completion.exec(CompletableFuture.java:479)
	at java.base/java.util.concurrent.ForkJoinTask.doExec(ForkJoinTask.java:290)
	at java.base/java.util.concurrent.ForkJoinPool$WorkQueue.topLevelExec(ForkJoinPool.java:1020)
	at java.base/java.util.concurrent.ForkJoinPool.scan(ForkJoinPool.java:1656)
	at java.base/java.util.concurrent.ForkJoinPool.runWorker(ForkJoinPool.java:1594)
	at java.base/java.util.concurrent.ForkJoinWorkerThread.run(ForkJoinWorkerThread.java:183)

[Error - 14:11:54] Request textDocument/semanticTokens/full failed.
  Message: Internal error.
  Code: -32603 
java.util.concurrent.CompletionException: java.lang.NullPointerException
	at java.base/java.util.concurrent.CompletableFuture.encodeThrowable(CompletableFuture.java:314)
	at java.base/java.util.concurrent.CompletableFuture.completeThrowable(CompletableFuture.java:319)
	at java.base/java.util.concurrent.CompletableFuture$UniApply.tryFire(CompletableFuture.java:645)
	at java.base/java.util.concurrent.CompletableFuture$Completion.exec(CompletableFuture.java:479)
	at java.base/java.util.concurrent.ForkJoinTask.doExec(ForkJoinTask.java:290)
	at java.base/java.util.concurrent.ForkJoinPool$WorkQueue.topLevelExec(ForkJoinPool.java:1020)
	at java.base/java.util.concurrent.ForkJoinPool.scan(ForkJoinPool.java:1656)
	at java.base/java.util.concurrent.ForkJoinPool.runWorker(ForkJoinPool.java:1594)
	at java.base/java.util.concurrent.ForkJoinWorkerThread.run(ForkJoinWorkerThread.java:183)
Caused by: java.lang.NullPointerException
	at org.eclipse.core.internal.runtime.InternalPlatform.lambda$11(InternalPlatform.java:363)
	at java.base/java.util.concurrent.ConcurrentHashMap.computeIfAbsent(ConcurrentHashMap.java:1705)
	at org.eclipse.core.internal.runtime.InternalPlatform.getLog(InternalPlatform.java:358)
	at org.eclipse.core.runtime.Platform.getLog(Platform.java:1045)
	at org.eclipse.jdt.core.manipulation.CoreASTProvider$1.handleException(CoreASTProvider.java:283)
	at org.eclipse.core.runtime.SafeRunner.handleException(SafeRunner.java:83)
	at org.eclipse.core.runtime.SafeRunner.run(SafeRunner.java:47)
	at org.eclipse.jdt.core.manipulation.CoreASTProvider.createAST(CoreASTProvider.java:264)
	at org.eclipse.jdt.core.manipulation.CoreASTProvider.getAST(CoreASTProvider.java:197)
	at org.eclipse.jdt.ls.core.internal.handlers.SemanticTokensHandler.full(SemanticTokensHandler.java:46)
	at org.eclipse.jdt.ls.core.internal.syntaxserver.SyntaxLanguageServer.lambda$11(SyntaxLanguageServer.java:409)
	at org.eclipse.jdt.ls.core.internal.BaseJDTLanguageServer.lambda$0(BaseJDTLanguageServer.java:75)
	at java.base/java.util.concurrent.CompletableFuture$UniApply.tryFire(CompletableFuture.java:642)
	... 6 more

[Error - 14:11:54] Connection to server got closed. Server will not be restarted.
