[Error - 17:48:41] 14. okt. 2020 17:48:41 Error occured while building workspace. Details: 
 message: The public type DN1 must be defined in its own file; code: 16777541; resource: /home/tilen/IdeaProjects/DM1/DM.java; line: 1
 message: Syntax error, insert ":: IdentifierOrNew" to complete ReferenceExpression; code: 1610612976; resource: /home/tilen/IdeaProjects/DM1/DM.java; line: 6
 message: Syntax error, insert ";" to complete BlockStatements; code: 1610612976; resource: /home/tilen/IdeaProjects/DM1/DM.java; line: 6
[Error - 17:51:53] 14. okt. 2020 17:51:53 Error occured while building workspace. Details: 
 message: The public type DN1 must be defined in its own file; code: 16777541; resource: /home/tilen/IdeaProjects/DM1/DM.java; line: 1
 message: Syntax error, insert ":: IdentifierOrNew" to complete ReferenceExpression; code: 1610612976; resource: /home/tilen/IdeaProjects/DM1/DM.java; line: 6
 message: Syntax error, insert ";" to complete BlockStatements; code: 1610612976; resource: /home/tilen/IdeaProjects/DM1/DM.java; line: 6
[Error - 17:53:45] 14. okt. 2020 17:53:45 Unable to read documentation
null
java.util.concurrent.TimeoutException
	at java.base/java.util.concurrent.FutureTask.get(FutureTask.java:204)
	at com.google.common.util.concurrent.SimpleTimeLimiter.callWithTimeout(SimpleTimeLimiter.java:156)
	at org.eclipse.jdt.ls.core.internal.handlers.CompletionResolveHandler.resolve(CompletionResolveHandler.java:162)
	at org.eclipse.jdt.ls.core.internal.handlers.JDTLanguageServer.lambda$5(JDTLanguageServer.java:534)
	at org.eclipse.jdt.ls.core.internal.BaseJDTLanguageServer.lambda$0(BaseJDTLanguageServer.java:75)
	at java.base/java.util.concurrent.CompletableFuture$UniApply.tryFire(CompletableFuture.java:642)
	at java.base/java.util.concurrent.CompletableFuture$Completion.exec(CompletableFuture.java:479)
	at java.base/java.util.concurrent.ForkJoinTask.doExec(ForkJoinTask.java:290)
	at java.base/java.util.concurrent.ForkJoinPool$WorkQueue.topLevelExec(ForkJoinPool.java:1020)
	at java.base/java.util.concurrent.ForkJoinPool.scan(ForkJoinPool.java:1656)
	at java.base/java.util.concurrent.ForkJoinPool.runWorker(ForkJoinPool.java:1594)
	at java.base/java.util.concurrent.ForkJoinWorkerThread.run(ForkJoinWorkerThread.java:183)

[Error - 17:53:46] 14. okt. 2020 17:53:46 Unable to read documentation
null
java.util.concurrent.TimeoutException
	at java.base/java.util.concurrent.FutureTask.get(FutureTask.java:204)
	at com.google.common.util.concurrent.SimpleTimeLimiter.callWithTimeout(SimpleTimeLimiter.java:156)
	at org.eclipse.jdt.ls.core.internal.handlers.CompletionResolveHandler.resolve(CompletionResolveHandler.java:162)
	at org.eclipse.jdt.ls.core.internal.handlers.JDTLanguageServer.lambda$5(JDTLanguageServer.java:534)
	at org.eclipse.jdt.ls.core.internal.BaseJDTLanguageServer.lambda$0(BaseJDTLanguageServer.java:75)
	at java.base/java.util.concurrent.CompletableFuture$UniApply.tryFire(CompletableFuture.java:642)
	at java.base/java.util.concurrent.CompletableFuture$Completion.exec(CompletableFuture.java:479)
	at java.base/java.util.concurrent.ForkJoinTask.doExec(ForkJoinTask.java:290)
	at java.base/java.util.concurrent.ForkJoinPool$WorkQueue.topLevelExec(ForkJoinPool.java:1020)
	at java.base/java.util.concurrent.ForkJoinPool.scan(ForkJoinPool.java:1656)
	at java.base/java.util.concurrent.ForkJoinPool.runWorker(ForkJoinPool.java:1594)
	at java.base/java.util.concurrent.ForkJoinWorkerThread.run(ForkJoinWorkerThread.java:183)

[Error - 17:53:46] 14. okt. 2020 17:53:46 Unable to read documentation
null
java.util.concurrent.TimeoutException
	at java.base/java.util.concurrent.FutureTask.get(FutureTask.java:204)
	at com.google.common.util.concurrent.SimpleTimeLimiter.callWithTimeout(SimpleTimeLimiter.java:156)
	at org.eclipse.jdt.ls.core.internal.handlers.CompletionResolveHandler.resolve(CompletionResolveHandler.java:162)
	at org.eclipse.jdt.ls.core.internal.handlers.JDTLanguageServer.lambda$5(JDTLanguageServer.java:534)
	at org.eclipse.jdt.ls.core.internal.BaseJDTLanguageServer.lambda$0(BaseJDTLanguageServer.java:75)
	at java.base/java.util.concurrent.CompletableFuture$UniApply.tryFire(CompletableFuture.java:642)
	at java.base/java.util.concurrent.CompletableFuture$Completion.exec(CompletableFuture.java:479)
	at java.base/java.util.concurrent.ForkJoinTask.doExec(ForkJoinTask.java:290)
	at java.base/java.util.concurrent.ForkJoinPool$WorkQueue.topLevelExec(ForkJoinPool.java:1020)
	at java.base/java.util.concurrent.ForkJoinPool.scan(ForkJoinPool.java:1656)
	at java.base/java.util.concurrent.ForkJoinPool.runWorker(ForkJoinPool.java:1594)
	at java.base/java.util.concurrent.ForkJoinWorkerThread.run(ForkJoinWorkerThread.java:183)

[Error - 17:53:47] 14. okt. 2020 17:53:47 Unable to read documentation
null
java.util.concurrent.TimeoutException
	at java.base/java.util.concurrent.FutureTask.get(FutureTask.java:204)
	at com.google.common.util.concurrent.SimpleTimeLimiter.callWithTimeout(SimpleTimeLimiter.java:156)
	at org.eclipse.jdt.ls.core.internal.handlers.CompletionResolveHandler.resolve(CompletionResolveHandler.java:162)
	at org.eclipse.jdt.ls.core.internal.handlers.JDTLanguageServer.lambda$5(JDTLanguageServer.java:534)
	at org.eclipse.jdt.ls.core.internal.BaseJDTLanguageServer.lambda$0(BaseJDTLanguageServer.java:75)
	at java.base/java.util.concurrent.CompletableFuture$UniApply.tryFire(CompletableFuture.java:642)
	at java.base/java.util.concurrent.CompletableFuture$Completion.exec(CompletableFuture.java:479)
	at java.base/java.util.concurrent.ForkJoinTask.doExec(ForkJoinTask.java:290)
	at java.base/java.util.concurrent.ForkJoinPool$WorkQueue.topLevelExec(ForkJoinPool.java:1020)
	at java.base/java.util.concurrent.ForkJoinPool.scan(ForkJoinPool.java:1656)
	at java.base/java.util.concurrent.ForkJoinPool.runWorker(ForkJoinPool.java:1594)
	at java.base/java.util.concurrent.ForkJoinWorkerThread.run(ForkJoinWorkerThread.java:183)

[Error - 17:53:47] 14. okt. 2020 17:53:47 Unable to read documentation
null
java.util.concurrent.TimeoutException
	at java.base/java.util.concurrent.FutureTask.get(FutureTask.java:204)
	at com.google.common.util.concurrent.SimpleTimeLimiter.callWithTimeout(SimpleTimeLimiter.java:156)
	at org.eclipse.jdt.ls.core.internal.handlers.CompletionResolveHandler.resolve(CompletionResolveHandler.java:162)
	at org.eclipse.jdt.ls.core.internal.handlers.JDTLanguageServer.lambda$5(JDTLanguageServer.java:534)
	at org.eclipse.jdt.ls.core.internal.BaseJDTLanguageServer.lambda$0(BaseJDTLanguageServer.java:75)
	at java.base/java.util.concurrent.CompletableFuture$UniApply.tryFire(CompletableFuture.java:642)
	at java.base/java.util.concurrent.CompletableFuture$Completion.exec(CompletableFuture.java:479)
	at java.base/java.util.concurrent.ForkJoinTask.doExec(ForkJoinTask.java:290)
	at java.base/java.util.concurrent.ForkJoinPool$WorkQueue.topLevelExec(ForkJoinPool.java:1020)
	at java.base/java.util.concurrent.ForkJoinPool.scan(ForkJoinPool.java:1656)
	at java.base/java.util.concurrent.ForkJoinPool.runWorker(ForkJoinPool.java:1594)
	at java.base/java.util.concurrent.ForkJoinWorkerThread.run(ForkJoinWorkerThread.java:183)

[Error - 17:54:33] 14. okt. 2020 17:54:33 Error occured while building workspace. Details: 
 message: The public type DN1 must be defined in its own file; code: 16777541; resource: /home/tilen/IdeaProjects/DM1/DM.java; line: 1
[Error - 17:54:58] 14. okt. 2020 17:54:58 Error occured while building workspace. Details: 
 message: The public type DN1 must be defined in its own file; code: 16777541; resource: /home/tilen/IdeaProjects/DM1/DM.java; line: 1
[Error - 17:56:49] 14. okt. 2020 17:56:49 Error occured while building workspace. Details: 
 message: The public type DN1 must be defined in its own file; code: 16777541; resource: /home/tilen/IdeaProjects/DM1/DM.java; line: 1
[Error - 18:03:45] 14. okt. 2020 18:03:45 Error occured while building workspace. Details: 
 message: This method requires a body instead of a semicolon; code: 603979883; resource: /home/tilen/IdeaProjects/DM1/DM.java; line: 2
[Error - 18:12:07] 14. okt. 2020 18:12:07 Error occured while building workspace. Details: 
 message: The public type DN1 must be defined in its own file; code: 16777541; resource: /home/tilen/IdeaProjects/DM1/DM.java; line: 1
