[Error - 21:46:04] 7. nov. 2021 21:46:04 Failed to load extension bundles 
Load bundle list
org.eclipse.core.runtime.CoreException: Load bundle list
	at org.eclipse.jdt.ls.core.internal.handlers.BundleUtils.loadBundles(BundleUtils.java:169)
	at org.eclipse.jdt.ls.core.internal.handlers.InitHandler.handleInitializationOptions(InitHandler.java:89)
	at org.eclipse.jdt.ls.core.internal.handlers.BaseInitHandler.initialize(BaseInitHandler.java:63)
	at org.eclipse.jdt.ls.core.internal.handlers.JDTLanguageServer.initialize(JDTLanguageServer.java:237)
	at java.base/jdk.internal.reflect.NativeMethodAccessorImpl.invoke0(Native Method)
	at java.base/jdk.internal.reflect.NativeMethodAccessorImpl.invoke(NativeMethodAccessorImpl.java:62)
	at java.base/jdk.internal.reflect.DelegatingMethodAccessorImpl.invoke(DelegatingMethodAccessorImpl.java:43)
	at java.base/java.lang.reflect.Method.invoke(Method.java:566)
	at org.eclipse.lsp4j.jsonrpc.services.GenericEndpoint.lambda$null$0(GenericEndpoint.java:65)
	at org.eclipse.lsp4j.jsonrpc.services.GenericEndpoint.request(GenericEndpoint.java:120)
	at org.eclipse.lsp4j.jsonrpc.RemoteEndpoint.handleRequest(RemoteEndpoint.java:261)
	at org.eclipse.lsp4j.jsonrpc.RemoteEndpoint.consume(RemoteEndpoint.java:190)
	at org.eclipse.jdt.ls.core.internal.ParentProcessWatcher.lambda$0(ParentProcessWatcher.java:123)
	at org.eclipse.lsp4j.jsonrpc.json.StreamMessageProducer.handleMessage(StreamMessageProducer.java:194)
	at org.eclipse.lsp4j.jsonrpc.json.StreamMessageProducer.listen(StreamMessageProducer.java:94)
	at org.eclipse.lsp4j.jsonrpc.json.ConcurrentMessageProcessor.run(ConcurrentMessageProcessor.java:113)
	at java.base/java.util.concurrent.Executors$RunnableAdapter.call(Executors.java:515)
	at java.base/java.util.concurrent.FutureTask.run(FutureTask.java:264)
	at java.base/java.util.concurrent.ThreadPoolExecutor.runWorker(ThreadPoolExecutor.java:1128)
	at java.base/java.util.concurrent.ThreadPoolExecutor$Worker.run(ThreadPoolExecutor.java:628)
	at java.base/java.lang.Thread.run(Thread.java:829)
Contains: Cannot extract bundle symbolicName or version /home/tilen/.vscode-oss/extensions/vscjava.vscode-maven-0.21.2/jdtls.ext/com.microsoft.java.maven.plugin/target/com.microsoft.java.maven.plugin-0.21.2.jar
java.nio.file.NoSuchFileException: /home/tilen/.vscode-oss/extensions/vscjava.vscode-maven-0.21.2/jdtls.ext/com.microsoft.java.maven.plugin/target/com.microsoft.java.maven.plugin-0.21.2.jar
	at java.base/sun.nio.fs.UnixException.translateToIOException(UnixException.java:92)
	at java.base/sun.nio.fs.UnixException.rethrowAsIOException(UnixException.java:111)
	at java.base/sun.nio.fs.UnixException.rethrowAsIOException(UnixException.java:116)
	at java.base/sun.nio.fs.UnixFileAttributeViews$Basic.readAttributes(UnixFileAttributeViews.java:55)
	at java.base/sun.nio.fs.UnixFileSystemProvider.readAttributes(UnixFileSystemProvider.java:149)
	at java.base/sun.nio.fs.LinuxFileSystemProvider.readAttributes(LinuxFileSystemProvider.java:99)
	at java.base/java.nio.file.Files.readAttributes(Files.java:1764)
	at java.base/java.util.zip.ZipFile$Source.get(ZipFile.java:1259)
	at java.base/java.util.zip.ZipFile$CleanableResource.<init>(ZipFile.java:733)
	at java.base/java.util.zip.ZipFile$CleanableResource.get(ZipFile.java:850)
	at java.base/java.util.zip.ZipFile.<init>(ZipFile.java:248)
	at java.base/java.util.zip.ZipFile.<init>(ZipFile.java:177)
	at java.base/java.util.jar.JarFile.<init>(JarFile.java:348)
	at java.base/java.util.jar.JarFile.<init>(JarFile.java:319)
	at java.base/java.util.jar.JarFile.<init>(JarFile.java:258)
	at org.eclipse.jdt.ls.core.internal.handlers.BundleUtils.getBundleInfo(BundleUtils.java:302)
	at org.eclipse.jdt.ls.core.internal.handlers.BundleUtils.loadBundles(BundleUtils.java:116)
	at org.eclipse.jdt.ls.core.internal.handlers.InitHandler.handleInitializationOptions(InitHandler.java:89)
	at org.eclipse.jdt.ls.core.internal.handlers.BaseInitHandler.initialize(BaseInitHandler.java:63)
	at org.eclipse.jdt.ls.core.internal.handlers.JDTLanguageServer.initialize(JDTLanguageServer.java:237)
	at java.base/jdk.internal.reflect.NativeMethodAccessorImpl.invoke0(Native Method)
	at java.base/jdk.internal.reflect.NativeMethodAccessorImpl.invoke(NativeMethodAccessorImpl.java:62)
	at java.base/jdk.internal.reflect.DelegatingMethodAccessorImpl.invoke(DelegatingMethodAccessorImpl.java:43)
	at java.base/java.lang.reflect.Method.invoke(Method.java:566)
	at org.eclipse.lsp4j.jsonrpc.services.GenericEndpoint.lambda$null$0(GenericEndpoint.java:65)
	at org.eclipse.lsp4j.jsonrpc.services.GenericEndpoint.request(GenericEndpoint.java:120)
	at org.eclipse.lsp4j.jsonrpc.RemoteEndpoint.handleRequest(RemoteEndpoint.java:261)
	at org.eclipse.lsp4j.jsonrpc.RemoteEndpoint.consume(RemoteEndpoint.java:190)
	at org.eclipse.jdt.ls.core.internal.ParentProcessWatcher.lambda$0(ParentProcessWatcher.java:123)
	at org.eclipse.lsp4j.jsonrpc.json.StreamMessageProducer.handleMessage(StreamMessageProducer.java:194)
	at org.eclipse.lsp4j.jsonrpc.json.StreamMessageProducer.listen(StreamMessageProducer.java:94)
	at org.eclipse.lsp4j.jsonrpc.json.ConcurrentMessageProcessor.run(ConcurrentMessageProcessor.java:113)
	at java.base/java.util.concurrent.Executors$RunnableAdapter.call(Executors.java:515)
	at java.base/java.util.concurrent.FutureTask.run(FutureTask.java:264)
	at java.base/java.util.concurrent.ThreadPoolExecutor.runWorker(ThreadPoolExecutor.java:1128)
	at java.base/java.util.concurrent.ThreadPoolExecutor$Worker.run(ThreadPoolExecutor.java:628)
	at java.base/java.lang.Thread.run(Thread.java:829)

[Error - 21:46:06] 7. nov. 2021 21:46:06 Error
org.eclipse.equinox.simpleconfigurator/bundles.info (Datoteka ali imenik s tem imenom ne obstaja)
java.io.FileNotFoundException: org.eclipse.equinox.simpleconfigurator/bundles.info (Datoteka ali imenik s tem imenom ne obstaja)
	at java.base/java.io.FileInputStream.open0(Native Method)
	at java.base/java.io.FileInputStream.open(FileInputStream.java:219)
	at java.base/java.io.FileInputStream.<init>(FileInputStream.java:157)
	at java.base/java.io.FileInputStream.<init>(FileInputStream.java:112)
	at java.base/sun.net.www.protocol.file.FileURLConnection.connect(FileURLConnection.java:86)
	at java.base/sun.net.www.protocol.file.FileURLConnection.getInputStream(FileURLConnection.java:184)
	at java.base/java.net.URL.openStream(URL.java:1165)
	at org.eclipse.equinox.internal.simpleconfigurator.manipulator.SimpleConfiguratorManipulatorImpl.loadConfiguration(SimpleConfiguratorManipulatorImpl.java:365)
	at org.eclipse.jdt.internal.junit.buildpath.P2Utils.findBundle(P2Utils.java:93)
	at org.eclipse.jdt.internal.junit.buildpath.BuildPathSupport$JUnitPluginDescription.getBundleLocation(BuildPathSupport.java:88)
	at org.eclipse.jdt.internal.junit.buildpath.BuildPathSupport$JUnitPluginDescription.getBundleLocation(BuildPathSupport.java:84)
	at org.eclipse.jdt.internal.junit.buildpath.BuildPathSupport$JUnitPluginDescription.getLibraryEntry(BuildPathSupport.java:205)
	at org.eclipse.jdt.internal.junit.buildpath.BuildPathSupport.getJUnit4LibraryEntry(BuildPathSupport.java:398)
	at org.eclipse.jdt.internal.junit.buildpath.JUnitContainerInitializer.getNewContainer(JUnitContainerInitializer.java:121)
	at org.eclipse.jdt.internal.junit.buildpath.JUnitContainerInitializer.initialize(JUnitContainerInitializer.java:101)
	at org.eclipse.jdt.internal.core.JavaModelManager.initializeContainer(JavaModelManager.java:3144)
	at org.eclipse.jdt.internal.core.JavaModelManager.getClasspathContainer(JavaModelManager.java:2092)
	at org.eclipse.jdt.core.JavaCore.getClasspathContainer(JavaCore.java:3783)
	at org.eclipse.jdt.internal.core.JavaProject.resolveClasspath(JavaProject.java:3243)
	at org.eclipse.jdt.internal.core.JavaProject.resolveClasspath(JavaProject.java:3407)
	at org.eclipse.jdt.internal.core.JavaProject.getResolvedClasspath(JavaProject.java:2491)
	at org.eclipse.jdt.internal.core.ExternalFoldersManager.refreshReferences(ExternalFoldersManager.java:494)
	at org.eclipse.jdt.internal.core.DeltaProcessor.resourceChanged(DeltaProcessor.java:2091)
	at org.eclipse.jdt.internal.core.DeltaProcessingState.resourceChanged(DeltaProcessingState.java:501)
	at org.eclipse.core.internal.events.NotificationManager$1.run(NotificationManager.java:305)
	at org.eclipse.core.runtime.SafeRunner.run(SafeRunner.java:45)
	at org.eclipse.core.internal.events.NotificationManager.notify(NotificationManager.java:295)
	at org.eclipse.core.internal.events.NotificationManager.handleEvent(NotificationManager.java:277)
	at org.eclipse.core.internal.resources.Workspace.broadcastEvent(Workspace.java:376)
	at org.eclipse.core.internal.resources.Resource.refreshLocal(Resource.java:1561)
	at org.eclipse.core.internal.resources.Project.open(Project.java:1087)
	at org.eclipse.jdt.ls.core.internal.managers.EclipseProjectImporter.importDir(EclipseProjectImporter.java:130)
	at org.eclipse.jdt.ls.core.internal.managers.EclipseProjectImporter.lambda$4(EclipseProjectImporter.java:100)
	at java.base/java.util.ArrayList.forEach(ArrayList.java:1541)
	at org.eclipse.jdt.ls.core.internal.managers.EclipseProjectImporter.importToWorkspace(EclipseProjectImporter.java:100)
	at org.eclipse.jdt.ls.core.internal.managers.ProjectsManager.importProjects(ProjectsManager.java:122)
	at org.eclipse.jdt.ls.core.internal.managers.ProjectsManager.initializeProjects(ProjectsManager.java:108)
	at org.eclipse.jdt.ls.core.internal.handlers.InitHandler$1.runInWorkspace(InitHandler.java:238)
	at org.eclipse.core.internal.resources.InternalWorkspaceJob.run(InternalWorkspaceJob.java:42)
	at org.eclipse.core.internal.jobs.Worker.run(Worker.java:63)

[Error - 21:46:06] 7. nov. 2021 21:46:06 Error
org.eclipse.equinox.simpleconfigurator/bundles.info (Datoteka ali imenik s tem imenom ne obstaja)
java.io.FileNotFoundException: org.eclipse.equinox.simpleconfigurator/bundles.info (Datoteka ali imenik s tem imenom ne obstaja)
	at java.base/java.io.FileInputStream.open0(Native Method)
	at java.base/java.io.FileInputStream.open(FileInputStream.java:219)
	at java.base/java.io.FileInputStream.<init>(FileInputStream.java:157)
	at java.base/java.io.FileInputStream.<init>(FileInputStream.java:112)
	at java.base/sun.net.www.protocol.file.FileURLConnection.connect(FileURLConnection.java:86)
	at java.base/sun.net.www.protocol.file.FileURLConnection.getInputStream(FileURLConnection.java:184)
	at java.base/java.net.URL.openStream(URL.java:1165)
	at org.eclipse.equinox.internal.simpleconfigurator.manipulator.SimpleConfiguratorManipulatorImpl.loadConfiguration(SimpleConfiguratorManipulatorImpl.java:365)
	at org.eclipse.jdt.internal.junit.buildpath.P2Utils.findBundle(P2Utils.java:93)
	at org.eclipse.jdt.internal.junit.buildpath.BuildPathSupport$JUnitPluginDescription.getBundleLocation(BuildPathSupport.java:88)
	at org.eclipse.jdt.internal.junit.buildpath.BuildPathSupport$JUnitPluginDescription.getBundleLocation(BuildPathSupport.java:84)
	at org.eclipse.jdt.internal.junit.buildpath.BuildPathSupport$JUnitPluginDescription.getLibraryEntry(BuildPathSupport.java:218)
	at org.eclipse.jdt.internal.junit.buildpath.BuildPathSupport.getJUnit4LibraryEntry(BuildPathSupport.java:398)
	at org.eclipse.jdt.internal.junit.buildpath.JUnitContainerInitializer.getNewContainer(JUnitContainerInitializer.java:121)
	at org.eclipse.jdt.internal.junit.buildpath.JUnitContainerInitializer.initialize(JUnitContainerInitializer.java:101)
	at org.eclipse.jdt.internal.core.JavaModelManager.initializeContainer(JavaModelManager.java:3144)
	at org.eclipse.jdt.internal.core.JavaModelManager.getClasspathContainer(JavaModelManager.java:2092)
	at org.eclipse.jdt.core.JavaCore.getClasspathContainer(JavaCore.java:3783)
	at org.eclipse.jdt.internal.core.JavaProject.resolveClasspath(JavaProject.java:3243)
	at org.eclipse.jdt.internal.core.JavaProject.resolveClasspath(JavaProject.java:3407)
	at org.eclipse.jdt.internal.core.JavaProject.getResolvedClasspath(JavaProject.java:2491)
	at org.eclipse.jdt.internal.core.ExternalFoldersManager.refreshReferences(ExternalFoldersManager.java:494)
	at org.eclipse.jdt.internal.core.DeltaProcessor.resourceChanged(DeltaProcessor.java:2091)
	at org.eclipse.jdt.internal.core.DeltaProcessingState.resourceChanged(DeltaProcessingState.java:501)
	at org.eclipse.core.internal.events.NotificationManager$1.run(NotificationManager.java:305)
	at org.eclipse.core.runtime.SafeRunner.run(SafeRunner.java:45)
	at org.eclipse.core.internal.events.NotificationManager.notify(NotificationManager.java:295)
	at org.eclipse.core.internal.events.NotificationManager.handleEvent(NotificationManager.java:277)
	at org.eclipse.core.internal.resources.Workspace.broadcastEvent(Workspace.java:376)
	at org.eclipse.core.internal.resources.Resource.refreshLocal(Resource.java:1561)
	at org.eclipse.core.internal.resources.Project.open(Project.java:1087)
	at org.eclipse.jdt.ls.core.internal.managers.EclipseProjectImporter.importDir(EclipseProjectImporter.java:130)
	at org.eclipse.jdt.ls.core.internal.managers.EclipseProjectImporter.lambda$4(EclipseProjectImporter.java:100)
	at java.base/java.util.ArrayList.forEach(ArrayList.java:1541)
	at org.eclipse.jdt.ls.core.internal.managers.EclipseProjectImporter.importToWorkspace(EclipseProjectImporter.java:100)
	at org.eclipse.jdt.ls.core.internal.managers.ProjectsManager.importProjects(ProjectsManager.java:122)
	at org.eclipse.jdt.ls.core.internal.managers.ProjectsManager.initializeProjects(ProjectsManager.java:108)
	at org.eclipse.jdt.ls.core.internal.handlers.InitHandler$1.runInWorkspace(InitHandler.java:238)
	at org.eclipse.core.internal.resources.InternalWorkspaceJob.run(InternalWorkspaceJob.java:42)
	at org.eclipse.core.internal.jobs.Worker.run(Worker.java:63)

[Error - 21:46:06] 7. nov. 2021 21:46:06 Error
org.eclipse.equinox.simpleconfigurator/bundles.info (Datoteka ali imenik s tem imenom ne obstaja)
java.io.FileNotFoundException: org.eclipse.equinox.simpleconfigurator/bundles.info (Datoteka ali imenik s tem imenom ne obstaja)
	at java.base/java.io.FileInputStream.open0(Native Method)
	at java.base/java.io.FileInputStream.open(FileInputStream.java:219)
	at java.base/java.io.FileInputStream.<init>(FileInputStream.java:157)
	at java.base/java.io.FileInputStream.<init>(FileInputStream.java:112)
	at java.base/sun.net.www.protocol.file.FileURLConnection.connect(FileURLConnection.java:86)
	at java.base/sun.net.www.protocol.file.FileURLConnection.getInputStream(FileURLConnection.java:184)
	at java.base/java.net.URL.openStream(URL.java:1165)
	at org.eclipse.equinox.internal.simpleconfigurator.manipulator.SimpleConfiguratorManipulatorImpl.loadConfiguration(SimpleConfiguratorManipulatorImpl.java:365)
	at org.eclipse.jdt.internal.junit.buildpath.P2Utils.findBundle(P2Utils.java:93)
	at org.eclipse.jdt.internal.junit.buildpath.BuildPathSupport$JUnitPluginDescription.getBundleLocation(BuildPathSupport.java:88)
	at org.eclipse.jdt.internal.junit.buildpath.BuildPathSupport$JUnitPluginDescription.getBundleLocation(BuildPathSupport.java:84)
	at org.eclipse.jdt.internal.junit.buildpath.BuildPathSupport$JUnitPluginDescription.getLibraryEntry(BuildPathSupport.java:205)
	at org.eclipse.jdt.internal.junit.buildpath.BuildPathSupport.getHamcrestCoreLibraryEntry(BuildPathSupport.java:413)
	at org.eclipse.jdt.internal.junit.buildpath.JUnitContainerInitializer.getNewContainer(JUnitContainerInitializer.java:122)
	at org.eclipse.jdt.internal.junit.buildpath.JUnitContainerInitializer.initialize(JUnitContainerInitializer.java:101)
	at org.eclipse.jdt.internal.core.JavaModelManager.initializeContainer(JavaModelManager.java:3144)
	at org.eclipse.jdt.internal.core.JavaModelManager.getClasspathContainer(JavaModelManager.java:2092)
	at org.eclipse.jdt.core.JavaCore.getClasspathContainer(JavaCore.java:3783)
	at org.eclipse.jdt.internal.core.JavaProject.resolveClasspath(JavaProject.java:3243)
	at org.eclipse.jdt.internal.core.JavaProject.resolveClasspath(JavaProject.java:3407)
	at org.eclipse.jdt.internal.core.JavaProject.getResolvedClasspath(JavaProject.java:2491)
	at org.eclipse.jdt.internal.core.ExternalFoldersManager.refreshReferences(ExternalFoldersManager.java:494)
	at org.eclipse.jdt.internal.core.DeltaProcessor.resourceChanged(DeltaProcessor.java:2091)
	at org.eclipse.jdt.internal.core.DeltaProcessingState.resourceChanged(DeltaProcessingState.java:501)
	at org.eclipse.core.internal.events.NotificationManager$1.run(NotificationManager.java:305)
	at org.eclipse.core.runtime.SafeRunner.run(SafeRunner.java:45)
	at org.eclipse.core.internal.events.NotificationManager.notify(NotificationManager.java:295)
	at org.eclipse.core.internal.events.NotificationManager.handleEvent(NotificationManager.java:277)
	at org.eclipse.core.internal.resources.Workspace.broadcastEvent(Workspace.java:376)
	at org.eclipse.core.internal.resources.Resource.refreshLocal(Resource.java:1561)
	at org.eclipse.core.internal.resources.Project.open(Project.java:1087)
	at org.eclipse.jdt.ls.core.internal.managers.EclipseProjectImporter.importDir(EclipseProjectImporter.java:130)
	at org.eclipse.jdt.ls.core.internal.managers.EclipseProjectImporter.lambda$4(EclipseProjectImporter.java:100)
	at java.base/java.util.ArrayList.forEach(ArrayList.java:1541)
	at org.eclipse.jdt.ls.core.internal.managers.EclipseProjectImporter.importToWorkspace(EclipseProjectImporter.java:100)
	at org.eclipse.jdt.ls.core.internal.managers.ProjectsManager.importProjects(ProjectsManager.java:122)
	at org.eclipse.jdt.ls.core.internal.managers.ProjectsManager.initializeProjects(ProjectsManager.java:108)
	at org.eclipse.jdt.ls.core.internal.handlers.InitHandler$1.runInWorkspace(InitHandler.java:238)
	at org.eclipse.core.internal.resources.InternalWorkspaceJob.run(InternalWorkspaceJob.java:42)
	at org.eclipse.core.internal.jobs.Worker.run(Worker.java:63)

[Error - 21:46:06] 7. nov. 2021 21:46:06 Error
org.eclipse.equinox.simpleconfigurator/bundles.info (Datoteka ali imenik s tem imenom ne obstaja)
java.io.FileNotFoundException: org.eclipse.equinox.simpleconfigurator/bundles.info (Datoteka ali imenik s tem imenom ne obstaja)
	at java.base/java.io.FileInputStream.open0(Native Method)
	at java.base/java.io.FileInputStream.open(FileInputStream.java:219)
	at java.base/java.io.FileInputStream.<init>(FileInputStream.java:157)
	at java.base/java.io.FileInputStream.<init>(FileInputStream.java:112)
	at java.base/sun.net.www.protocol.file.FileURLConnection.connect(FileURLConnection.java:86)
	at java.base/sun.net.www.protocol.file.FileURLConnection.getInputStream(FileURLConnection.java:184)
	at java.base/java.net.URL.openStream(URL.java:1165)
	at org.eclipse.equinox.internal.simpleconfigurator.manipulator.SimpleConfiguratorManipulatorImpl.loadConfiguration(SimpleConfiguratorManipulatorImpl.java:365)
	at org.eclipse.jdt.internal.junit.buildpath.P2Utils.findBundle(P2Utils.java:93)
	at org.eclipse.jdt.internal.junit.buildpath.BuildPathSupport$JUnitPluginDescription.getBundleLocation(BuildPathSupport.java:88)
	at org.eclipse.jdt.internal.junit.buildpath.BuildPathSupport$JUnitPluginDescription.getBundleLocation(BuildPathSupport.java:84)
	at org.eclipse.jdt.internal.junit.buildpath.BuildPathSupport$JUnitPluginDescription.getLibraryEntry(BuildPathSupport.java:218)
	at org.eclipse.jdt.internal.junit.buildpath.BuildPathSupport.getHamcrestCoreLibraryEntry(BuildPathSupport.java:413)
	at org.eclipse.jdt.internal.junit.buildpath.JUnitContainerInitializer.getNewContainer(JUnitContainerInitializer.java:122)
	at org.eclipse.jdt.internal.junit.buildpath.JUnitContainerInitializer.initialize(JUnitContainerInitializer.java:101)
	at org.eclipse.jdt.internal.core.JavaModelManager.initializeContainer(JavaModelManager.java:3144)
	at org.eclipse.jdt.internal.core.JavaModelManager.getClasspathContainer(JavaModelManager.java:2092)
	at org.eclipse.jdt.core.JavaCore.getClasspathContainer(JavaCore.java:3783)
	at org.eclipse.jdt.internal.core.JavaProject.resolveClasspath(JavaProject.java:3243)
	at org.eclipse.jdt.internal.core.JavaProject.resolveClasspath(JavaProject.java:3407)
	at org.eclipse.jdt.internal.core.JavaProject.getResolvedClasspath(JavaProject.java:2491)
	at org.eclipse.jdt.internal.core.ExternalFoldersManager.refreshReferences(ExternalFoldersManager.java:494)
	at org.eclipse.jdt.internal.core.DeltaProcessor.resourceChanged(DeltaProcessor.java:2091)
	at org.eclipse.jdt.internal.core.DeltaProcessingState.resourceChanged(DeltaProcessingState.java:501)
	at org.eclipse.core.internal.events.NotificationManager$1.run(NotificationManager.java:305)
	at org.eclipse.core.runtime.SafeRunner.run(SafeRunner.java:45)
	at org.eclipse.core.internal.events.NotificationManager.notify(NotificationManager.java:295)
	at org.eclipse.core.internal.events.NotificationManager.handleEvent(NotificationManager.java:277)
	at org.eclipse.core.internal.resources.Workspace.broadcastEvent(Workspace.java:376)
	at org.eclipse.core.internal.resources.Resource.refreshLocal(Resource.java:1561)
	at org.eclipse.core.internal.resources.Project.open(Project.java:1087)
	at org.eclipse.jdt.ls.core.internal.managers.EclipseProjectImporter.importDir(EclipseProjectImporter.java:130)
	at org.eclipse.jdt.ls.core.internal.managers.EclipseProjectImporter.lambda$4(EclipseProjectImporter.java:100)
	at java.base/java.util.ArrayList.forEach(ArrayList.java:1541)
	at org.eclipse.jdt.ls.core.internal.managers.EclipseProjectImporter.importToWorkspace(EclipseProjectImporter.java:100)
	at org.eclipse.jdt.ls.core.internal.managers.ProjectsManager.importProjects(ProjectsManager.java:122)
	at org.eclipse.jdt.ls.core.internal.managers.ProjectsManager.initializeProjects(ProjectsManager.java:108)
	at org.eclipse.jdt.ls.core.internal.handlers.InitHandler$1.runInWorkspace(InitHandler.java:238)
	at org.eclipse.core.internal.resources.InternalWorkspaceJob.run(InternalWorkspaceJob.java:42)
	at org.eclipse.core.internal.jobs.Worker.run(Worker.java:63)

