Validating found git in: git
Using git 2.33.1 from git
> git rev-parse --git-dir
Open repository: /home/tilen/Programing/Java/Podatkovne Strukture in Algoritmi/VDN-V2
> git status -z -u
> git symbolic-ref --short HEAD
> git for-each-ref --format=%(refname)%00%(upstream:short)%00%(objectname)%00%(upstream:track) refs/heads/master refs/remotes/master
> git for-each-ref --sort -committerdate --format %(refname) %(objectname) %(*objectname)
> git remote --verbose
> git config --get commit.template
> git check-ignore -v -z --stdin
> git check-ignore -v -z --stdin
> git log --format=%H%n%aN%n%aE%n%at%n%ct%n%P%n%B -z -n21 -- /home/tilen/Programing/Java/Podatkovne Strukture in Algoritmi/VDN-V2/bin/psa/naloga1/Binarno.class
> git check-ignore -v -z --stdin
> git check-ignore -v -z --stdin
> git status -z -u
> git symbolic-ref --short HEAD
> git for-each-ref --format=%(refname)%00%(upstream:short)%00%(objectname)%00%(upstream:track) refs/heads/master refs/remotes/master
> git for-each-ref --sort -committerdate --format %(refname) %(objectname) %(*objectname)
> git remote --verbose
> git config --get commit.template
> git check-ignore -v -z --stdin
> git check-ignore -v -z --stdin
> git show --textconv :src/java/psa/naloga1/Binarno.java
> git ls-files --stage -- /home/tilen/Programing/Java/Podatkovne Strukture in Algoritmi/VDN-V2/src/java/psa/naloga1/Binarno.java
> git cat-file -s 930abbfac8e6c5cb5a90d060422e3921e1601774
> git show --textconv :src/java/psa/naloga1/Binarno.java
> git ls-files --stage -- /home/tilen/Programing/Java/Podatkovne Strukture in Algoritmi/VDN-V2/src/java/psa/naloga1/Binarno.java
> git cat-file -s 930abbfac8e6c5cb5a90d060422e3921e1601774
> git show --textconv :src/java/psa/naloga1/Binarno.java
> git ls-files --stage -- /home/tilen/Programing/Java/Podatkovne Strukture in Algoritmi/VDN-V2/src/java/psa/naloga1/Binarno.java
> git cat-file -s 930abbfac8e6c5cb5a90d060422e3921e1601774
> git show --textconv :src/java/psa/naloga1/Binarno.java
> git ls-files --stage -- /home/tilen/Programing/Java/Podatkovne Strukture in Algoritmi/VDN-V2/src/java/psa/naloga1/Binarno.java
> git cat-file -s 930abbfac8e6c5cb5a90d060422e3921e1601774
> git show --textconv :src/java/psa/naloga1/Binarno.java
> git ls-files --stage -- /home/tilen/Programing/Java/Podatkovne Strukture in Algoritmi/VDN-V2/src/java/psa/naloga1/Binarno.java
> git cat-file -s 930abbfac8e6c5cb5a90d060422e3921e1601774
